CRITICAL - 2021-04-13 22:20:28 --> Argument 2 passed to view() must be of the type array, string given, called in C:\xampp\htdocs\psg_oferta\app\Controllers\Home.php on line 11
#0 C:\xampp\htdocs\psg_oferta\app\Controllers\Home.php(11): view('layout/layout_b...', 'http://localhos...')
#1 C:\xampp\htdocs\psg_oferta\system\CodeIgniter.php(936): App\Controllers\Home->index()
#2 C:\xampp\htdocs\psg_oferta\system\CodeIgniter.php(432): CodeIgniter\CodeIgniter->runController(Object(App\Controllers\Home))
#3 C:\xampp\htdocs\psg_oferta\system\CodeIgniter.php(333): CodeIgniter\CodeIgniter->handleRequest(NULL, Object(Config\Cache), false)
#4 C:\xampp\htdocs\psg_oferta\public\index.php(44): CodeIgniter\CodeIgniter->run()
#5 {main}
CRITICAL - 2021-04-13 22:20:30 --> Argument 2 passed to view() must be of the type array, string given, called in C:\xampp\htdocs\psg_oferta\app\Controllers\Home.php on line 11
#0 C:\xampp\htdocs\psg_oferta\app\Controllers\Home.php(11): view('layout/layout_b...', 'http://localhos...')
#1 C:\xampp\htdocs\psg_oferta\system\CodeIgniter.php(936): App\Controllers\Home->index()
#2 C:\xampp\htdocs\psg_oferta\system\CodeIgniter.php(432): CodeIgniter\CodeIgniter->runController(Object(App\Controllers\Home))
#3 C:\xampp\htdocs\psg_oferta\system\CodeIgniter.php(333): CodeIgniter\CodeIgniter->handleRequest(NULL, Object(Config\Cache), false)
#4 C:\xampp\htdocs\psg_oferta\public\index.php(44): CodeIgniter\CodeIgniter->run()
#5 {main}
CRITICAL - 2021-04-13 22:20:31 --> Argument 2 passed to view() must be of the type array, string given, called in C:\xampp\htdocs\psg_oferta\app\Controllers\Home.php on line 11
#0 C:\xampp\htdocs\psg_oferta\app\Controllers\Home.php(11): view('layout/layout_b...', 'http://localhos...')
#1 C:\xampp\htdocs\psg_oferta\system\CodeIgniter.php(936): App\Controllers\Home->index()
#2 C:\xampp\htdocs\psg_oferta\system\CodeIgniter.php(432): CodeIgniter\CodeIgniter->runController(Object(App\Controllers\Home))
#3 C:\xampp\htdocs\psg_oferta\system\CodeIgniter.php(333): CodeIgniter\CodeIgniter->handleRequest(NULL, Object(Config\Cache), false)
#4 C:\xampp\htdocs\psg_oferta\public\index.php(44): CodeIgniter\CodeIgniter->run()
#5 {main}
CRITICAL - 2021-04-13 22:20:31 --> Argument 2 passed to view() must be of the type array, string given, called in C:\xampp\htdocs\psg_oferta\app\Controllers\Home.php on line 11
#0 C:\xampp\htdocs\psg_oferta\app\Controllers\Home.php(11): view('layout/layout_b...', 'http://localhos...')
#1 C:\xampp\htdocs\psg_oferta\system\CodeIgniter.php(936): App\Controllers\Home->index()
#2 C:\xampp\htdocs\psg_oferta\system\CodeIgniter.php(432): CodeIgniter\CodeIgniter->runController(Object(App\Controllers\Home))
#3 C:\xampp\htdocs\psg_oferta\system\CodeIgniter.php(333): CodeIgniter\CodeIgniter->handleRequest(NULL, Object(Config\Cache), false)
#4 C:\xampp\htdocs\psg_oferta\public\index.php(44): CodeIgniter\CodeIgniter->run()
#5 {main}
CRITICAL - 2021-04-13 22:21:17 --> Argument 2 passed to view() must be of the type array, string given, called in C:\xampp\htdocs\psg_oferta\app\Controllers\Home.php on line 11
#0 C:\xampp\htdocs\psg_oferta\app\Controllers\Home.php(11): view('layout/layout_b...', 'http://localhos...')
#1 C:\xampp\htdocs\psg_oferta\system\CodeIgniter.php(936): App\Controllers\Home->index()
#2 C:\xampp\htdocs\psg_oferta\system\CodeIgniter.php(432): CodeIgniter\CodeIgniter->runController(Object(App\Controllers\Home))
#3 C:\xampp\htdocs\psg_oferta\system\CodeIgniter.php(333): CodeIgniter\CodeIgniter->handleRequest(NULL, Object(Config\Cache), false)
#4 C:\xampp\htdocs\psg_oferta\public\index.php(44): CodeIgniter\CodeIgniter->run()
#5 {main}
CRITICAL - 2021-04-13 22:21:18 --> Argument 2 passed to view() must be of the type array, string given, called in C:\xampp\htdocs\psg_oferta\app\Controllers\Home.php on line 11
#0 C:\xampp\htdocs\psg_oferta\app\Controllers\Home.php(11): view('layout/layout_b...', 'http://localhos...')
#1 C:\xampp\htdocs\psg_oferta\system\CodeIgniter.php(936): App\Controllers\Home->index()
#2 C:\xampp\htdocs\psg_oferta\system\CodeIgniter.php(432): CodeIgniter\CodeIgniter->runController(Object(App\Controllers\Home))
#3 C:\xampp\htdocs\psg_oferta\system\CodeIgniter.php(333): CodeIgniter\CodeIgniter->handleRequest(NULL, Object(Config\Cache), false)
#4 C:\xampp\htdocs\psg_oferta\public\index.php(44): CodeIgniter\CodeIgniter->run()
#5 {main}
CRITICAL - 2021-04-13 22:21:19 --> Argument 2 passed to view() must be of the type array, string given, called in C:\xampp\htdocs\psg_oferta\app\Controllers\Home.php on line 11
#0 C:\xampp\htdocs\psg_oferta\app\Controllers\Home.php(11): view('layout/layout_b...', 'http://localhos...')
#1 C:\xampp\htdocs\psg_oferta\system\CodeIgniter.php(936): App\Controllers\Home->index()
#2 C:\xampp\htdocs\psg_oferta\system\CodeIgniter.php(432): CodeIgniter\CodeIgniter->runController(Object(App\Controllers\Home))
#3 C:\xampp\htdocs\psg_oferta\system\CodeIgniter.php(333): CodeIgniter\CodeIgniter->handleRequest(NULL, Object(Config\Cache), false)
#4 C:\xampp\htdocs\psg_oferta\public\index.php(44): CodeIgniter\CodeIgniter->run()
#5 {main}
CRITICAL - 2021-04-13 22:57:45 --> Call to a member function view() on null
#0 C:\xampp\htdocs\psg_oferta\system\CodeIgniter.php(936): App\Controllers\Home->index()
#1 C:\xampp\htdocs\psg_oferta\system\CodeIgniter.php(432): CodeIgniter\CodeIgniter->runController(Object(App\Controllers\Home))
#2 C:\xampp\htdocs\psg_oferta\system\CodeIgniter.php(333): CodeIgniter\CodeIgniter->handleRequest(NULL, Object(Config\Cache), false)
#3 C:\xampp\htdocs\psg_oferta\public\index.php(44): CodeIgniter\CodeIgniter->run()
#4 {main}
CRITICAL - 2021-04-13 22:57:47 --> Call to a member function view() on null
#0 C:\xampp\htdocs\psg_oferta\system\CodeIgniter.php(936): App\Controllers\Home->index()
#1 C:\xampp\htdocs\psg_oferta\system\CodeIgniter.php(432): CodeIgniter\CodeIgniter->runController(Object(App\Controllers\Home))
#2 C:\xampp\htdocs\psg_oferta\system\CodeIgniter.php(333): CodeIgniter\CodeIgniter->handleRequest(NULL, Object(Config\Cache), false)
#3 C:\xampp\htdocs\psg_oferta\public\index.php(44): CodeIgniter\CodeIgniter->run()
#4 {main}
CRITICAL - 2021-04-13 23:00:21 --> Class 'App\Controllers\Templater' not found
#0 C:\xampp\htdocs\psg_oferta\system\CodeIgniter.php(908): App\Controllers\BaseController->__construct()
#1 C:\xampp\htdocs\psg_oferta\system\CodeIgniter.php(422): CodeIgniter\CodeIgniter->createController()
#2 C:\xampp\htdocs\psg_oferta\system\CodeIgniter.php(333): CodeIgniter\CodeIgniter->handleRequest(NULL, Object(Config\Cache), false)
#3 C:\xampp\htdocs\psg_oferta\public\index.php(44): CodeIgniter\CodeIgniter->run()
#4 {main}
CRITICAL - 2021-04-13 23:00:22 --> Class 'App\Controllers\Templater' not found
#0 C:\xampp\htdocs\psg_oferta\system\CodeIgniter.php(908): App\Controllers\BaseController->__construct()
#1 C:\xampp\htdocs\psg_oferta\system\CodeIgniter.php(422): CodeIgniter\CodeIgniter->createController()
#2 C:\xampp\htdocs\psg_oferta\system\CodeIgniter.php(333): CodeIgniter\CodeIgniter->handleRequest(NULL, Object(Config\Cache), false)
#3 C:\xampp\htdocs\psg_oferta\public\index.php(44): CodeIgniter\CodeIgniter->run()
#4 {main}
CRITICAL - 2021-04-13 23:00:22 --> Class 'App\Controllers\Templater' not found
#0 C:\xampp\htdocs\psg_oferta\system\CodeIgniter.php(908): App\Controllers\BaseController->__construct()
#1 C:\xampp\htdocs\psg_oferta\system\CodeIgniter.php(422): CodeIgniter\CodeIgniter->createController()
#2 C:\xampp\htdocs\psg_oferta\system\CodeIgniter.php(333): CodeIgniter\CodeIgniter->handleRequest(NULL, Object(Config\Cache), false)
#3 C:\xampp\htdocs\psg_oferta\public\index.php(44): CodeIgniter\CodeIgniter->run()
#4 {main}
CRITICAL - 2021-04-13 23:00:23 --> Class 'App\Controllers\Templater' not found
#0 C:\xampp\htdocs\psg_oferta\system\CodeIgniter.php(908): App\Controllers\BaseController->__construct()
#1 C:\xampp\htdocs\psg_oferta\system\CodeIgniter.php(422): CodeIgniter\CodeIgniter->createController()
#2 C:\xampp\htdocs\psg_oferta\system\CodeIgniter.php(333): CodeIgniter\CodeIgniter->handleRequest(NULL, Object(Config\Cache), false)
#3 C:\xampp\htdocs\psg_oferta\public\index.php(44): CodeIgniter\CodeIgniter->run()
#4 {main}
CRITICAL - 2021-04-13 23:00:23 --> Class 'App\Controllers\Templater' not found
#0 C:\xampp\htdocs\psg_oferta\system\CodeIgniter.php(908): App\Controllers\BaseController->__construct()
#1 C:\xampp\htdocs\psg_oferta\system\CodeIgniter.php(422): CodeIgniter\CodeIgniter->createController()
#2 C:\xampp\htdocs\psg_oferta\system\CodeIgniter.php(333): CodeIgniter\CodeIgniter->handleRequest(NULL, Object(Config\Cache), false)
#3 C:\xampp\htdocs\psg_oferta\public\index.php(44): CodeIgniter\CodeIgniter->run()
#4 {main}
CRITICAL - 2021-04-13 23:00:23 --> Class 'App\Controllers\Templater' not found
#0 C:\xampp\htdocs\psg_oferta\system\CodeIgniter.php(908): App\Controllers\BaseController->__construct()
#1 C:\xampp\htdocs\psg_oferta\system\CodeIgniter.php(422): CodeIgniter\CodeIgniter->createController()
#2 C:\xampp\htdocs\psg_oferta\system\CodeIgniter.php(333): CodeIgniter\CodeIgniter->handleRequest(NULL, Object(Config\Cache), false)
#3 C:\xampp\htdocs\psg_oferta\public\index.php(44): CodeIgniter\CodeIgniter->run()
#4 {main}
CRITICAL - 2021-04-13 23:00:24 --> Class 'App\Controllers\Templater' not found
#0 C:\xampp\htdocs\psg_oferta\system\CodeIgniter.php(908): App\Controllers\BaseController->__construct()
#1 C:\xampp\htdocs\psg_oferta\system\CodeIgniter.php(422): CodeIgniter\CodeIgniter->createController()
#2 C:\xampp\htdocs\psg_oferta\system\CodeIgniter.php(333): CodeIgniter\CodeIgniter->handleRequest(NULL, Object(Config\Cache), false)
#3 C:\xampp\htdocs\psg_oferta\public\index.php(44): CodeIgniter\CodeIgniter->run()
#4 {main}
CRITICAL - 2021-04-13 23:00:24 --> Class 'App\Controllers\Templater' not found
#0 C:\xampp\htdocs\psg_oferta\system\CodeIgniter.php(908): App\Controllers\BaseController->__construct()
#1 C:\xampp\htdocs\psg_oferta\system\CodeIgniter.php(422): CodeIgniter\CodeIgniter->createController()
#2 C:\xampp\htdocs\psg_oferta\system\CodeIgniter.php(333): CodeIgniter\CodeIgniter->handleRequest(NULL, Object(Config\Cache), false)
#3 C:\xampp\htdocs\psg_oferta\public\index.php(44): CodeIgniter\CodeIgniter->run()
#4 {main}
CRITICAL - 2021-04-13 23:00:24 --> Class 'App\Controllers\Templater' not found
#0 C:\xampp\htdocs\psg_oferta\system\CodeIgniter.php(908): App\Controllers\BaseController->__construct()
#1 C:\xampp\htdocs\psg_oferta\system\CodeIgniter.php(422): CodeIgniter\CodeIgniter->createController()
#2 C:\xampp\htdocs\psg_oferta\system\CodeIgniter.php(333): CodeIgniter\CodeIgniter->handleRequest(NULL, Object(Config\Cache), false)
#3 C:\xampp\htdocs\psg_oferta\public\index.php(44): CodeIgniter\CodeIgniter->run()
#4 {main}
CRITICAL - 2021-04-13 23:00:26 --> Class 'App\Controllers\Templater' not found
#0 C:\xampp\htdocs\psg_oferta\system\CodeIgniter.php(908): App\Controllers\BaseController->__construct()
#1 C:\xampp\htdocs\psg_oferta\system\CodeIgniter.php(422): CodeIgniter\CodeIgniter->createController()
#2 C:\xampp\htdocs\psg_oferta\system\CodeIgniter.php(333): CodeIgniter\CodeIgniter->handleRequest(NULL, Object(Config\Cache), false)
#3 C:\xampp\htdocs\psg_oferta\public\index.php(44): CodeIgniter\CodeIgniter->run()
#4 {main}
CRITICAL - 2021-04-13 23:01:20 --> Invalid file: footer.php
#0 C:\xampp\htdocs\psg_oferta\system\View\View.php(203): CodeIgniter\Exceptions\FrameworkException::forInvalidFile('footer.php')
#1 C:\xampp\htdocs\psg_oferta\system\Common.php(1217): CodeIgniter\View\View->render('footer', Array, true)
#2 C:\xampp\htdocs\psg_oferta\app\Libraries\Templater.php(30): view('footer', Array)
#3 C:\xampp\htdocs\psg_oferta\app\Controllers\Home.php(10): App\Libraries\Templater->view('layout/index', Array)
#4 C:\xampp\htdocs\psg_oferta\system\CodeIgniter.php(936): App\Controllers\Home->index()
#5 C:\xampp\htdocs\psg_oferta\system\CodeIgniter.php(432): CodeIgniter\CodeIgniter->runController(Object(App\Controllers\Home))
#6 C:\xampp\htdocs\psg_oferta\system\CodeIgniter.php(333): CodeIgniter\CodeIgniter->handleRequest(NULL, Object(Config\Cache), false)
#7 C:\xampp\htdocs\psg_oferta\public\index.php(44): CodeIgniter\CodeIgniter->run()
#8 {main}
CRITICAL - 2021-04-13 23:01:22 --> Invalid file: footer.php
#0 C:\xampp\htdocs\psg_oferta\system\View\View.php(203): CodeIgniter\Exceptions\FrameworkException::forInvalidFile('footer.php')
#1 C:\xampp\htdocs\psg_oferta\system\Common.php(1217): CodeIgniter\View\View->render('footer', Array, true)
#2 C:\xampp\htdocs\psg_oferta\app\Libraries\Templater.php(30): view('footer', Array)
#3 C:\xampp\htdocs\psg_oferta\app\Controllers\Home.php(10): App\Libraries\Templater->view('layout/index', Array)
#4 C:\xampp\htdocs\psg_oferta\system\CodeIgniter.php(936): App\Controllers\Home->index()
#5 C:\xampp\htdocs\psg_oferta\system\CodeIgniter.php(432): CodeIgniter\CodeIgniter->runController(Object(App\Controllers\Home))
#6 C:\xampp\htdocs\psg_oferta\system\CodeIgniter.php(333): CodeIgniter\CodeIgniter->handleRequest(NULL, Object(Config\Cache), false)
#7 C:\xampp\htdocs\psg_oferta\public\index.php(44): CodeIgniter\CodeIgniter->run()
#8 {main}
CRITICAL - 2021-04-13 23:02:17 --> Invalid file: footer.php
#0 C:\xampp\htdocs\psg_oferta\system\View\View.php(203): CodeIgniter\Exceptions\FrameworkException::forInvalidFile('footer.php')
#1 C:\xampp\htdocs\psg_oferta\system\Common.php(1217): CodeIgniter\View\View->render('footer', Array, true)
#2 C:\xampp\htdocs\psg_oferta\app\Libraries\Templater.php(30): view('footer', Array)
#3 C:\xampp\htdocs\psg_oferta\app\Controllers\Home.php(10): App\Libraries\Templater->view('layout/index')
#4 C:\xampp\htdocs\psg_oferta\system\CodeIgniter.php(936): App\Controllers\Home->index()
#5 C:\xampp\htdocs\psg_oferta\system\CodeIgniter.php(432): CodeIgniter\CodeIgniter->runController(Object(App\Controllers\Home))
#6 C:\xampp\htdocs\psg_oferta\system\CodeIgniter.php(333): CodeIgniter\CodeIgniter->handleRequest(NULL, Object(Config\Cache), false)
#7 C:\xampp\htdocs\psg_oferta\public\index.php(44): CodeIgniter\CodeIgniter->run()
#8 {main}
CRITICAL - 2021-04-13 23:02:18 --> Invalid file: footer.php
#0 C:\xampp\htdocs\psg_oferta\system\View\View.php(203): CodeIgniter\Exceptions\FrameworkException::forInvalidFile('footer.php')
#1 C:\xampp\htdocs\psg_oferta\system\Common.php(1217): CodeIgniter\View\View->render('footer', Array, true)
#2 C:\xampp\htdocs\psg_oferta\app\Libraries\Templater.php(30): view('footer', Array)
#3 C:\xampp\htdocs\psg_oferta\app\Controllers\Home.php(10): App\Libraries\Templater->view('layout/index')
#4 C:\xampp\htdocs\psg_oferta\system\CodeIgniter.php(936): App\Controllers\Home->index()
#5 C:\xampp\htdocs\psg_oferta\system\CodeIgniter.php(432): CodeIgniter\CodeIgniter->runController(Object(App\Controllers\Home))
#6 C:\xampp\htdocs\psg_oferta\system\CodeIgniter.php(333): CodeIgniter\CodeIgniter->handleRequest(NULL, Object(Config\Cache), false)
#7 C:\xampp\htdocs\psg_oferta\public\index.php(44): CodeIgniter\CodeIgniter->run()
#8 {main}
CRITICAL - 2021-04-13 23:02:20 --> Invalid file: footer.php
#0 C:\xampp\htdocs\psg_oferta\system\View\View.php(203): CodeIgniter\Exceptions\FrameworkException::forInvalidFile('footer.php')
#1 C:\xampp\htdocs\psg_oferta\system\Common.php(1217): CodeIgniter\View\View->render('footer', Array, true)
#2 C:\xampp\htdocs\psg_oferta\app\Libraries\Templater.php(30): view('footer', Array)
#3 C:\xampp\htdocs\psg_oferta\app\Controllers\Home.php(10): App\Libraries\Templater->view('layout/index')
#4 C:\xampp\htdocs\psg_oferta\system\CodeIgniter.php(936): App\Controllers\Home->index()
#5 C:\xampp\htdocs\psg_oferta\system\CodeIgniter.php(432): CodeIgniter\CodeIgniter->runController(Object(App\Controllers\Home))
#6 C:\xampp\htdocs\psg_oferta\system\CodeIgniter.php(333): CodeIgniter\CodeIgniter->handleRequest(NULL, Object(Config\Cache), false)
#7 C:\xampp\htdocs\psg_oferta\public\index.php(44): CodeIgniter\CodeIgniter->run()
#8 {main}
CRITICAL - 2021-04-13 23:02:20 --> Invalid file: footer.php
#0 C:\xampp\htdocs\psg_oferta\system\View\View.php(203): CodeIgniter\Exceptions\FrameworkException::forInvalidFile('footer.php')
#1 C:\xampp\htdocs\psg_oferta\system\Common.php(1217): CodeIgniter\View\View->render('footer', Array, true)
#2 C:\xampp\htdocs\psg_oferta\app\Libraries\Templater.php(30): view('footer', Array)
#3 C:\xampp\htdocs\psg_oferta\app\Controllers\Home.php(10): App\Libraries\Templater->view('layout/index')
#4 C:\xampp\htdocs\psg_oferta\system\CodeIgniter.php(936): App\Controllers\Home->index()
#5 C:\xampp\htdocs\psg_oferta\system\CodeIgniter.php(432): CodeIgniter\CodeIgniter->runController(Object(App\Controllers\Home))
#6 C:\xampp\htdocs\psg_oferta\system\CodeIgniter.php(333): CodeIgniter\CodeIgniter->handleRequest(NULL, Object(Config\Cache), false)
#7 C:\xampp\htdocs\psg_oferta\public\index.php(44): CodeIgniter\CodeIgniter->run()
#8 {main}
CRITICAL - 2021-04-13 23:02:21 --> Invalid file: footer.php
#0 C:\xampp\htdocs\psg_oferta\system\View\View.php(203): CodeIgniter\Exceptions\FrameworkException::forInvalidFile('footer.php')
#1 C:\xampp\htdocs\psg_oferta\system\Common.php(1217): CodeIgniter\View\View->render('footer', Array, true)
#2 C:\xampp\htdocs\psg_oferta\app\Libraries\Templater.php(30): view('footer', Array)
#3 C:\xampp\htdocs\psg_oferta\app\Controllers\Home.php(10): App\Libraries\Templater->view('layout/index')
#4 C:\xampp\htdocs\psg_oferta\system\CodeIgniter.php(936): App\Controllers\Home->index()
#5 C:\xampp\htdocs\psg_oferta\system\CodeIgniter.php(432): CodeIgniter\CodeIgniter->runController(Object(App\Controllers\Home))
#6 C:\xampp\htdocs\psg_oferta\system\CodeIgniter.php(333): CodeIgniter\CodeIgniter->handleRequest(NULL, Object(Config\Cache), false)
#7 C:\xampp\htdocs\psg_oferta\public\index.php(44): CodeIgniter\CodeIgniter->run()
#8 {main}
CRITICAL - 2021-04-13 23:05:14 --> Invalid file: footer.php
#0 C:\xampp\htdocs\psg_oferta\system\View\View.php(203): CodeIgniter\Exceptions\FrameworkException::forInvalidFile('footer.php')
#1 C:\xampp\htdocs\psg_oferta\system\Common.php(1217): CodeIgniter\View\View->render('footer', Array, true)
#2 C:\xampp\htdocs\psg_oferta\app\Libraries\Templater.php(30): view('footer', Array)
#3 C:\xampp\htdocs\psg_oferta\app\Controllers\Home.php(10): App\Libraries\Templater->view('layout/index', Array)
#4 C:\xampp\htdocs\psg_oferta\system\CodeIgniter.php(936): App\Controllers\Home->index()
#5 C:\xampp\htdocs\psg_oferta\system\CodeIgniter.php(432): CodeIgniter\CodeIgniter->runController(Object(App\Controllers\Home))
#6 C:\xampp\htdocs\psg_oferta\system\CodeIgniter.php(333): CodeIgniter\CodeIgniter->handleRequest(NULL, Object(Config\Cache), false)
#7 C:\xampp\htdocs\psg_oferta\public\index.php(44): CodeIgniter\CodeIgniter->run()
#8 {main}
CRITICAL - 2021-04-13 23:05:16 --> Invalid file: footer.php
#0 C:\xampp\htdocs\psg_oferta\system\View\View.php(203): CodeIgniter\Exceptions\FrameworkException::forInvalidFile('footer.php')
#1 C:\xampp\htdocs\psg_oferta\system\Common.php(1217): CodeIgniter\View\View->render('footer', Array, true)
#2 C:\xampp\htdocs\psg_oferta\app\Libraries\Templater.php(30): view('footer', Array)
#3 C:\xampp\htdocs\psg_oferta\app\Controllers\Home.php(10): App\Libraries\Templater->view('layout/index', Array)
#4 C:\xampp\htdocs\psg_oferta\system\CodeIgniter.php(936): App\Controllers\Home->index()
#5 C:\xampp\htdocs\psg_oferta\system\CodeIgniter.php(432): CodeIgniter\CodeIgniter->runController(Object(App\Controllers\Home))
#6 C:\xampp\htdocs\psg_oferta\system\CodeIgniter.php(333): CodeIgniter\CodeIgniter->handleRequest(NULL, Object(Config\Cache), false)
#7 C:\xampp\htdocs\psg_oferta\public\index.php(44): CodeIgniter\CodeIgniter->run()
#8 {main}
CRITICAL - 2021-04-13 23:06:33 --> Invalid file: footer.php
#0 C:\xampp\htdocs\psg_oferta\system\View\View.php(203): CodeIgniter\Exceptions\FrameworkException::forInvalidFile('footer.php')
#1 C:\xampp\htdocs\psg_oferta\system\Common.php(1217): CodeIgniter\View\View->render('footer', Array, true)
#2 C:\xampp\htdocs\psg_oferta\app\Libraries\Templater.php(30): view('footer', Array)
#3 C:\xampp\htdocs\psg_oferta\app\Controllers\Home.php(10): App\Libraries\Templater->view('layout/index', Array)
#4 C:\xampp\htdocs\psg_oferta\system\CodeIgniter.php(936): App\Controllers\Home->index()
#5 C:\xampp\htdocs\psg_oferta\system\CodeIgniter.php(432): CodeIgniter\CodeIgniter->runController(Object(App\Controllers\Home))
#6 C:\xampp\htdocs\psg_oferta\system\CodeIgniter.php(333): CodeIgniter\CodeIgniter->handleRequest(NULL, Object(Config\Cache), false)
#7 C:\xampp\htdocs\psg_oferta\public\index.php(44): CodeIgniter\CodeIgniter->run()
#8 {main}
CRITICAL - 2021-04-13 23:07:09 --> Invalid file: footer.php
#0 C:\xampp\htdocs\psg_oferta\system\View\View.php(203): CodeIgniter\Exceptions\FrameworkException::forInvalidFile('footer.php')
#1 C:\xampp\htdocs\psg_oferta\system\Common.php(1217): CodeIgniter\View\View->render('footer', Array, true)
#2 C:\xampp\htdocs\psg_oferta\app\Libraries\Templater.php(30): view('footer', Array)
#3 C:\xampp\htdocs\psg_oferta\app\Controllers\Home.php(10): App\Libraries\Templater->view('layout/index', Array)
#4 C:\xampp\htdocs\psg_oferta\system\CodeIgniter.php(936): App\Controllers\Home->index()
#5 C:\xampp\htdocs\psg_oferta\system\CodeIgniter.php(432): CodeIgniter\CodeIgniter->runController(Object(App\Controllers\Home))
#6 C:\xampp\htdocs\psg_oferta\system\CodeIgniter.php(333): CodeIgniter\CodeIgniter->handleRequest(NULL, Object(Config\Cache), false)
#7 C:\xampp\htdocs\psg_oferta\public\index.php(44): CodeIgniter\CodeIgniter->run()
#8 {main}
CRITICAL - 2021-04-13 23:07:10 --> Invalid file: footer.php
#0 C:\xampp\htdocs\psg_oferta\system\View\View.php(203): CodeIgniter\Exceptions\FrameworkException::forInvalidFile('footer.php')
#1 C:\xampp\htdocs\psg_oferta\system\Common.php(1217): CodeIgniter\View\View->render('footer', Array, true)
#2 C:\xampp\htdocs\psg_oferta\app\Libraries\Templater.php(30): view('footer', Array)
#3 C:\xampp\htdocs\psg_oferta\app\Controllers\Home.php(10): App\Libraries\Templater->view('layout/index', Array)
#4 C:\xampp\htdocs\psg_oferta\system\CodeIgniter.php(936): App\Controllers\Home->index()
#5 C:\xampp\htdocs\psg_oferta\system\CodeIgniter.php(432): CodeIgniter\CodeIgniter->runController(Object(App\Controllers\Home))
#6 C:\xampp\htdocs\psg_oferta\system\CodeIgniter.php(333): CodeIgniter\CodeIgniter->handleRequest(NULL, Object(Config\Cache), false)
#7 C:\xampp\htdocs\psg_oferta\public\index.php(44): CodeIgniter\CodeIgniter->run()
#8 {main}
CRITICAL - 2021-04-13 23:07:10 --> Invalid file: footer.php
#0 C:\xampp\htdocs\psg_oferta\system\View\View.php(203): CodeIgniter\Exceptions\FrameworkException::forInvalidFile('footer.php')
#1 C:\xampp\htdocs\psg_oferta\system\Common.php(1217): CodeIgniter\View\View->render('footer', Array, true)
#2 C:\xampp\htdocs\psg_oferta\app\Libraries\Templater.php(30): view('footer', Array)
#3 C:\xampp\htdocs\psg_oferta\app\Controllers\Home.php(10): App\Libraries\Templater->view('layout/index', Array)
#4 C:\xampp\htdocs\psg_oferta\system\CodeIgniter.php(936): App\Controllers\Home->index()
#5 C:\xampp\htdocs\psg_oferta\system\CodeIgniter.php(432): CodeIgniter\CodeIgniter->runController(Object(App\Controllers\Home))
#6 C:\xampp\htdocs\psg_oferta\system\CodeIgniter.php(333): CodeIgniter\CodeIgniter->handleRequest(NULL, Object(Config\Cache), false)
#7 C:\xampp\htdocs\psg_oferta\public\index.php(44): CodeIgniter\CodeIgniter->run()
#8 {main}
CRITICAL - 2021-04-13 23:07:10 --> Invalid file: footer.php
#0 C:\xampp\htdocs\psg_oferta\system\View\View.php(203): CodeIgniter\Exceptions\FrameworkException::forInvalidFile('footer.php')
#1 C:\xampp\htdocs\psg_oferta\system\Common.php(1217): CodeIgniter\View\View->render('footer', Array, true)
#2 C:\xampp\htdocs\psg_oferta\app\Libraries\Templater.php(30): view('footer', Array)
#3 C:\xampp\htdocs\psg_oferta\app\Controllers\Home.php(10): App\Libraries\Templater->view('layout/index', Array)
#4 C:\xampp\htdocs\psg_oferta\system\CodeIgniter.php(936): App\Controllers\Home->index()
#5 C:\xampp\htdocs\psg_oferta\system\CodeIgniter.php(432): CodeIgniter\CodeIgniter->runController(Object(App\Controllers\Home))
#6 C:\xampp\htdocs\psg_oferta\system\CodeIgniter.php(333): CodeIgniter\CodeIgniter->handleRequest(NULL, Object(Config\Cache), false)
#7 C:\xampp\htdocs\psg_oferta\public\index.php(44): CodeIgniter\CodeIgniter->run()
#8 {main}
CRITICAL - 2021-04-13 23:07:10 --> Invalid file: footer.php
#0 C:\xampp\htdocs\psg_oferta\system\View\View.php(203): CodeIgniter\Exceptions\FrameworkException::forInvalidFile('footer.php')
#1 C:\xampp\htdocs\psg_oferta\system\Common.php(1217): CodeIgniter\View\View->render('footer', Array, true)
#2 C:\xampp\htdocs\psg_oferta\app\Libraries\Templater.php(30): view('footer', Array)
#3 C:\xampp\htdocs\psg_oferta\app\Controllers\Home.php(10): App\Libraries\Templater->view('layout/index', Array)
#4 C:\xampp\htdocs\psg_oferta\system\CodeIgniter.php(936): App\Controllers\Home->index()
#5 C:\xampp\htdocs\psg_oferta\system\CodeIgniter.php(432): CodeIgniter\CodeIgniter->runController(Object(App\Controllers\Home))
#6 C:\xampp\htdocs\psg_oferta\system\CodeIgniter.php(333): CodeIgniter\CodeIgniter->handleRequest(NULL, Object(Config\Cache), false)
#7 C:\xampp\htdocs\psg_oferta\public\index.php(44): CodeIgniter\CodeIgniter->run()
#8 {main}
CRITICAL - 2021-04-13 23:07:12 --> Invalid file: footer.php
#0 C:\xampp\htdocs\psg_oferta\system\View\View.php(203): CodeIgniter\Exceptions\FrameworkException::forInvalidFile('footer.php')
#1 C:\xampp\htdocs\psg_oferta\system\Common.php(1217): CodeIgniter\View\View->render('footer', Array, true)
#2 C:\xampp\htdocs\psg_oferta\app\Libraries\Templater.php(30): view('footer', Array)
#3 C:\xampp\htdocs\psg_oferta\app\Controllers\Home.php(10): App\Libraries\Templater->view('layout/index', Array)
#4 C:\xampp\htdocs\psg_oferta\system\CodeIgniter.php(936): App\Controllers\Home->index()
#5 C:\xampp\htdocs\psg_oferta\system\CodeIgniter.php(432): CodeIgniter\CodeIgniter->runController(Object(App\Controllers\Home))
#6 C:\xampp\htdocs\psg_oferta\system\CodeIgniter.php(333): CodeIgniter\CodeIgniter->handleRequest(NULL, Object(Config\Cache), false)
#7 C:\xampp\htdocs\psg_oferta\public\index.php(44): CodeIgniter\CodeIgniter->run()
#8 {main}
CRITICAL - 2021-04-13 23:07:12 --> Invalid file: footer.php
#0 C:\xampp\htdocs\psg_oferta\system\View\View.php(203): CodeIgniter\Exceptions\FrameworkException::forInvalidFile('footer.php')
#1 C:\xampp\htdocs\psg_oferta\system\Common.php(1217): CodeIgniter\View\View->render('footer', Array, true)
#2 C:\xampp\htdocs\psg_oferta\app\Libraries\Templater.php(30): view('footer', Array)
#3 C:\xampp\htdocs\psg_oferta\app\Controllers\Home.php(10): App\Libraries\Templater->view('layout/index', Array)
#4 C:\xampp\htdocs\psg_oferta\system\CodeIgniter.php(936): App\Controllers\Home->index()
#5 C:\xampp\htdocs\psg_oferta\system\CodeIgniter.php(432): CodeIgniter\CodeIgniter->runController(Object(App\Controllers\Home))
#6 C:\xampp\htdocs\psg_oferta\system\CodeIgniter.php(333): CodeIgniter\CodeIgniter->handleRequest(NULL, Object(Config\Cache), false)
#7 C:\xampp\htdocs\psg_oferta\public\index.php(44): CodeIgniter\CodeIgniter->run()
#8 {main}
CRITICAL - 2021-04-13 23:07:12 --> Invalid file: footer.php
#0 C:\xampp\htdocs\psg_oferta\system\View\View.php(203): CodeIgniter\Exceptions\FrameworkException::forInvalidFile('footer.php')
#1 C:\xampp\htdocs\psg_oferta\system\Common.php(1217): CodeIgniter\View\View->render('footer', Array, true)
#2 C:\xampp\htdocs\psg_oferta\app\Libraries\Templater.php(30): view('footer', Array)
#3 C:\xampp\htdocs\psg_oferta\app\Controllers\Home.php(10): App\Libraries\Templater->view('layout/index', Array)
#4 C:\xampp\htdocs\psg_oferta\system\CodeIgniter.php(936): App\Controllers\Home->index()
#5 C:\xampp\htdocs\psg_oferta\system\CodeIgniter.php(432): CodeIgniter\CodeIgniter->runController(Object(App\Controllers\Home))
#6 C:\xampp\htdocs\psg_oferta\system\CodeIgniter.php(333): CodeIgniter\CodeIgniter->handleRequest(NULL, Object(Config\Cache), false)
#7 C:\xampp\htdocs\psg_oferta\public\index.php(44): CodeIgniter\CodeIgniter->run()
#8 {main}
CRITICAL - 2021-04-13 23:59:35 --> Undefined property: App\Controllers\Home::$templater
#0 C:\xampp\htdocs\psg_oferta\app\Controllers\Home.php(11): CodeIgniter\Debug\Exceptions->errorHandler(8, 'Undefined prope...', 'C:\\xampp\\htdocs...', 11, Array)
#1 C:\xampp\htdocs\psg_oferta\system\CodeIgniter.php(936): App\Controllers\Home->index()
#2 C:\xampp\htdocs\psg_oferta\system\CodeIgniter.php(432): CodeIgniter\CodeIgniter->runController(Object(App\Controllers\Home))
#3 C:\xampp\htdocs\psg_oferta\system\CodeIgniter.php(333): CodeIgniter\CodeIgniter->handleRequest(NULL, Object(Config\Cache), false)
#4 C:\xampp\htdocs\psg_oferta\public\index.php(44): CodeIgniter\CodeIgniter->run()
#5 {main}
