CRITICAL - 2021-04-23 11:06:43 --> Undefined property: CodeIgniter\View\View::$router
#0 C:\xampp\htdocs\psg_oferta\app\Views\login.php(25): CodeIgniter\Debug\Exceptions->errorHandler(8, 'Undefined prope...', 'C:\\xampp\\htdocs...', 25, Array)
#1 C:\xampp\htdocs\psg_oferta\system\View\View.php(220): include('C:\\xampp\\htdocs...')
#2 C:\xampp\htdocs\psg_oferta\system\View\View.php(222): CodeIgniter\View\View->CodeIgniter\View\{closure}()
#3 C:\xampp\htdocs\psg_oferta\system\Common.php(1217): CodeIgniter\View\View->render('login', Array, true)
#4 C:\xampp\htdocs\psg_oferta\app\Libraries\Templater.php(54): view('login', Array)
#5 C:\xampp\htdocs\psg_oferta\app\Controllers\AdminController.php(22): App\Libraries\Templater->view_admin('login', Array)
#6 C:\xampp\htdocs\psg_oferta\system\CodeIgniter.php(936): App\Controllers\AdminController->login()
#7 C:\xampp\htdocs\psg_oferta\system\CodeIgniter.php(432): CodeIgniter\CodeIgniter->runController(Object(App\Controllers\AdminController))
#8 C:\xampp\htdocs\psg_oferta\system\CodeIgniter.php(333): CodeIgniter\CodeIgniter->handleRequest(NULL, Object(Config\Cache), false)
#9 C:\xampp\htdocs\psg_oferta\public\index.php(44): CodeIgniter\CodeIgniter->run()
#10 {main}
CRITICAL - 2021-04-23 11:08:00 --> Undefined property: CodeIgniter\View\View::$router
#0 C:\xampp\htdocs\psg_oferta\app\Views\login.php(25): CodeIgniter\Debug\Exceptions->errorHandler(8, 'Undefined prope...', 'C:\\xampp\\htdocs...', 25, Array)
#1 C:\xampp\htdocs\psg_oferta\system\View\View.php(220): include('C:\\xampp\\htdocs...')
#2 C:\xampp\htdocs\psg_oferta\system\View\View.php(222): CodeIgniter\View\View->CodeIgniter\View\{closure}()
#3 C:\xampp\htdocs\psg_oferta\system\Common.php(1217): CodeIgniter\View\View->render('login', Array, true)
#4 C:\xampp\htdocs\psg_oferta\app\Libraries\Templater.php(54): view('login', Array)
#5 C:\xampp\htdocs\psg_oferta\app\Controllers\AdminController.php(22): App\Libraries\Templater->view_admin('login', Array)
#6 C:\xampp\htdocs\psg_oferta\system\CodeIgniter.php(936): App\Controllers\AdminController->login()
#7 C:\xampp\htdocs\psg_oferta\system\CodeIgniter.php(432): CodeIgniter\CodeIgniter->runController(Object(App\Controllers\AdminController))
#8 C:\xampp\htdocs\psg_oferta\system\CodeIgniter.php(333): CodeIgniter\CodeIgniter->handleRequest(NULL, Object(Config\Cache), false)
#9 C:\xampp\htdocs\psg_oferta\public\index.php(44): CodeIgniter\CodeIgniter->run()
#10 {main}
CRITICAL - 2021-04-23 11:08:41 --> Undefined property: CodeIgniter\View\View::$router
#0 C:\xampp\htdocs\psg_oferta\app\Views\login.php(25): CodeIgniter\Debug\Exceptions->errorHandler(8, 'Undefined prope...', 'C:\\xampp\\htdocs...', 25, Array)
#1 C:\xampp\htdocs\psg_oferta\system\View\View.php(220): include('C:\\xampp\\htdocs...')
#2 C:\xampp\htdocs\psg_oferta\system\View\View.php(222): CodeIgniter\View\View->CodeIgniter\View\{closure}()
#3 C:\xampp\htdocs\psg_oferta\system\Common.php(1217): CodeIgniter\View\View->render('login', Array, true)
#4 C:\xampp\htdocs\psg_oferta\app\Libraries\Templater.php(54): view('login', Array)
#5 C:\xampp\htdocs\psg_oferta\app\Controllers\AdminController.php(22): App\Libraries\Templater->view_admin('login', Array)
#6 C:\xampp\htdocs\psg_oferta\system\CodeIgniter.php(936): App\Controllers\AdminController->login()
#7 C:\xampp\htdocs\psg_oferta\system\CodeIgniter.php(432): CodeIgniter\CodeIgniter->runController(Object(App\Controllers\AdminController))
#8 C:\xampp\htdocs\psg_oferta\system\CodeIgniter.php(333): CodeIgniter\CodeIgniter->handleRequest(NULL, Object(Config\Cache), false)
#9 C:\xampp\htdocs\psg_oferta\public\index.php(44): CodeIgniter\CodeIgniter->run()
#10 {main}
CRITICAL - 2021-04-23 11:09:00 --> Undefined property: CodeIgniter\View\View::$router
#0 C:\xampp\htdocs\psg_oferta\app\Views\login.php(115): CodeIgniter\Debug\Exceptions->errorHandler(8, 'Undefined prope...', 'C:\\xampp\\htdocs...', 115, Array)
#1 C:\xampp\htdocs\psg_oferta\system\View\View.php(220): include('C:\\xampp\\htdocs...')
#2 C:\xampp\htdocs\psg_oferta\system\View\View.php(222): CodeIgniter\View\View->CodeIgniter\View\{closure}()
#3 C:\xampp\htdocs\psg_oferta\system\Common.php(1217): CodeIgniter\View\View->render('login', Array, true)
#4 C:\xampp\htdocs\psg_oferta\app\Libraries\Templater.php(54): view('login', Array)
#5 C:\xampp\htdocs\psg_oferta\app\Controllers\AdminController.php(22): App\Libraries\Templater->view_admin('login', Array)
#6 C:\xampp\htdocs\psg_oferta\system\CodeIgniter.php(936): App\Controllers\AdminController->login()
#7 C:\xampp\htdocs\psg_oferta\system\CodeIgniter.php(432): CodeIgniter\CodeIgniter->runController(Object(App\Controllers\AdminController))
#8 C:\xampp\htdocs\psg_oferta\system\CodeIgniter.php(333): CodeIgniter\CodeIgniter->handleRequest(NULL, Object(Config\Cache), false)
#9 C:\xampp\htdocs\psg_oferta\public\index.php(44): CodeIgniter\CodeIgniter->run()
#10 {main}
CRITICAL - 2021-04-23 11:19:05 --> Undefined property: App\Controllers\AdminController::$data
#0 C:\xampp\htdocs\psg_oferta\app\Controllers\AdminController.php(22): CodeIgniter\Debug\Exceptions->errorHandler(8, 'Undefined prope...', 'C:\\xampp\\htdocs...', 22, Array)
#1 C:\xampp\htdocs\psg_oferta\system\CodeIgniter.php(936): App\Controllers\AdminController->login()
#2 C:\xampp\htdocs\psg_oferta\system\CodeIgniter.php(432): CodeIgniter\CodeIgniter->runController(Object(App\Controllers\AdminController))
#3 C:\xampp\htdocs\psg_oferta\system\CodeIgniter.php(333): CodeIgniter\CodeIgniter->handleRequest(NULL, Object(Config\Cache), false)
#4 C:\xampp\htdocs\psg_oferta\public\index.php(44): CodeIgniter\CodeIgniter->run()
#5 {main}
CRITICAL - 2021-04-23 11:21:23 --> Undefined property: App\Libraries\Templater::$CI
#0 C:\xampp\htdocs\psg_oferta\app\Libraries\Templater.php(24): CodeIgniter\Debug\Exceptions->errorHandler(8, 'Undefined prope...', 'C:\\xampp\\htdocs...', 24, Array)
#1 C:\xampp\htdocs\psg_oferta\app\Controllers\AdminController.php(22): App\Libraries\Templater->login('login', Array)
#2 C:\xampp\htdocs\psg_oferta\system\CodeIgniter.php(936): App\Controllers\AdminController->login()
#3 C:\xampp\htdocs\psg_oferta\system\CodeIgniter.php(432): CodeIgniter\CodeIgniter->runController(Object(App\Controllers\AdminController))
#4 C:\xampp\htdocs\psg_oferta\system\CodeIgniter.php(333): CodeIgniter\CodeIgniter->handleRequest(NULL, Object(Config\Cache), false)
#5 C:\xampp\htdocs\psg_oferta\public\index.php(44): CodeIgniter\CodeIgniter->run()
#6 {main}
CRITICAL - 2021-04-23 11:29:56 --> Undefined property: App\Libraries\Templater::$CI
#0 C:\xampp\htdocs\psg_oferta\app\Libraries\Templater.php(24): CodeIgniter\Debug\Exceptions->errorHandler(8, 'Undefined prope...', 'C:\\xampp\\htdocs...', 24, Array)
#1 C:\xampp\htdocs\psg_oferta\app\Controllers\AdminController.php(22): App\Libraries\Templater->login('login', Array)
#2 C:\xampp\htdocs\psg_oferta\system\CodeIgniter.php(936): App\Controllers\AdminController->login()
#3 C:\xampp\htdocs\psg_oferta\system\CodeIgniter.php(432): CodeIgniter\CodeIgniter->runController(Object(App\Controllers\AdminController))
#4 C:\xampp\htdocs\psg_oferta\system\CodeIgniter.php(333): CodeIgniter\CodeIgniter->handleRequest(NULL, Object(Config\Cache), false)
#5 C:\xampp\htdocs\psg_oferta\public\index.php(44): CodeIgniter\CodeIgniter->run()
#6 {main}
CRITICAL - 2021-04-23 11:31:34 --> Undefined property: App\Libraries\Templater::$CI
#0 C:\xampp\htdocs\psg_oferta\app\Libraries\Templater.php(24): CodeIgniter\Debug\Exceptions->errorHandler(8, 'Undefined prope...', 'C:\\xampp\\htdocs...', 24, Array)
#1 C:\xampp\htdocs\psg_oferta\app\Controllers\AdminController.php(22): App\Libraries\Templater->login('login', Array)
#2 C:\xampp\htdocs\psg_oferta\system\CodeIgniter.php(936): App\Controllers\AdminController->login()
#3 C:\xampp\htdocs\psg_oferta\system\CodeIgniter.php(432): CodeIgniter\CodeIgniter->runController(Object(App\Controllers\AdminController))
#4 C:\xampp\htdocs\psg_oferta\system\CodeIgniter.php(333): CodeIgniter\CodeIgniter->handleRequest(NULL, Object(Config\Cache), false)
#5 C:\xampp\htdocs\psg_oferta\public\index.php(44): CodeIgniter\CodeIgniter->run()
#6 {main}
CRITICAL - 2021-04-23 11:31:35 --> Undefined property: App\Libraries\Templater::$CI
#0 C:\xampp\htdocs\psg_oferta\app\Libraries\Templater.php(24): CodeIgniter\Debug\Exceptions->errorHandler(8, 'Undefined prope...', 'C:\\xampp\\htdocs...', 24, Array)
#1 C:\xampp\htdocs\psg_oferta\app\Controllers\AdminController.php(22): App\Libraries\Templater->login('login', Array)
#2 C:\xampp\htdocs\psg_oferta\system\CodeIgniter.php(936): App\Controllers\AdminController->login()
#3 C:\xampp\htdocs\psg_oferta\system\CodeIgniter.php(432): CodeIgniter\CodeIgniter->runController(Object(App\Controllers\AdminController))
#4 C:\xampp\htdocs\psg_oferta\system\CodeIgniter.php(333): CodeIgniter\CodeIgniter->handleRequest(NULL, Object(Config\Cache), false)
#5 C:\xampp\htdocs\psg_oferta\public\index.php(44): CodeIgniter\CodeIgniter->run()
#6 {main}
CRITICAL - 2021-04-23 11:31:35 --> Undefined property: App\Libraries\Templater::$CI
#0 C:\xampp\htdocs\psg_oferta\app\Libraries\Templater.php(24): CodeIgniter\Debug\Exceptions->errorHandler(8, 'Undefined prope...', 'C:\\xampp\\htdocs...', 24, Array)
#1 C:\xampp\htdocs\psg_oferta\app\Controllers\AdminController.php(22): App\Libraries\Templater->login('login', Array)
#2 C:\xampp\htdocs\psg_oferta\system\CodeIgniter.php(936): App\Controllers\AdminController->login()
#3 C:\xampp\htdocs\psg_oferta\system\CodeIgniter.php(432): CodeIgniter\CodeIgniter->runController(Object(App\Controllers\AdminController))
#4 C:\xampp\htdocs\psg_oferta\system\CodeIgniter.php(333): CodeIgniter\CodeIgniter->handleRequest(NULL, Object(Config\Cache), false)
#5 C:\xampp\htdocs\psg_oferta\public\index.php(44): CodeIgniter\CodeIgniter->run()
#6 {main}
CRITICAL - 2021-04-23 11:31:35 --> Undefined property: App\Libraries\Templater::$CI
#0 C:\xampp\htdocs\psg_oferta\app\Libraries\Templater.php(24): CodeIgniter\Debug\Exceptions->errorHandler(8, 'Undefined prope...', 'C:\\xampp\\htdocs...', 24, Array)
#1 C:\xampp\htdocs\psg_oferta\app\Controllers\AdminController.php(22): App\Libraries\Templater->login('login', Array)
#2 C:\xampp\htdocs\psg_oferta\system\CodeIgniter.php(936): App\Controllers\AdminController->login()
#3 C:\xampp\htdocs\psg_oferta\system\CodeIgniter.php(432): CodeIgniter\CodeIgniter->runController(Object(App\Controllers\AdminController))
#4 C:\xampp\htdocs\psg_oferta\system\CodeIgniter.php(333): CodeIgniter\CodeIgniter->handleRequest(NULL, Object(Config\Cache), false)
#5 C:\xampp\htdocs\psg_oferta\public\index.php(44): CodeIgniter\CodeIgniter->run()
#6 {main}
CRITICAL - 2021-04-23 11:32:35 --> Undefined property: App\Libraries\Templater::$CI
#0 C:\xampp\htdocs\psg_oferta\app\Libraries\Templater.php(24): CodeIgniter\Debug\Exceptions->errorHandler(8, 'Undefined prope...', 'C:\\xampp\\htdocs...', 24, Array)
#1 C:\xampp\htdocs\psg_oferta\app\Controllers\AdminController.php(22): App\Libraries\Templater->login('login', Array)
#2 C:\xampp\htdocs\psg_oferta\system\CodeIgniter.php(936): App\Controllers\AdminController->login()
#3 C:\xampp\htdocs\psg_oferta\system\CodeIgniter.php(432): CodeIgniter\CodeIgniter->runController(Object(App\Controllers\AdminController))
#4 C:\xampp\htdocs\psg_oferta\system\CodeIgniter.php(333): CodeIgniter\CodeIgniter->handleRequest(NULL, Object(Config\Cache), false)
#5 C:\xampp\htdocs\psg_oferta\public\index.php(44): CodeIgniter\CodeIgniter->run()
#6 {main}
CRITICAL - 2021-04-23 16:04:42 --> Invalid file: layout_admin/menus/usuarios/index.php
#0 C:\xampp\htdocs\psg_oferta\system\View\View.php(203): CodeIgniter\Exceptions\FrameworkException::forInvalidFile('layout_admin/me...')
#1 C:\xampp\htdocs\psg_oferta\system\Common.php(1217): CodeIgniter\View\View->render('layout_admin/me...', Array, true)
#2 C:\xampp\htdocs\psg_oferta\app\Libraries\Templater.php(61): view('layout_admin/me...', Array)
#3 C:\xampp\htdocs\psg_oferta\app\Controllers\UsuariosController.php(14): App\Libraries\Templater->view_admin('layout_admin/me...', Array)
#4 C:\xampp\htdocs\psg_oferta\system\CodeIgniter.php(936): App\Controllers\UsuariosController->index()
#5 C:\xampp\htdocs\psg_oferta\system\CodeIgniter.php(432): CodeIgniter\CodeIgniter->runController(Object(App\Controllers\UsuariosController))
#6 C:\xampp\htdocs\psg_oferta\system\CodeIgniter.php(333): CodeIgniter\CodeIgniter->handleRequest(NULL, Object(Config\Cache), false)
#7 C:\xampp\htdocs\psg_oferta\public\index.php(44): CodeIgniter\CodeIgniter->run()
#8 {main}
CRITICAL - 2021-04-23 16:04:56 --> Invalid file: layout_admin/menus/usuarios/index.php
#0 C:\xampp\htdocs\psg_oferta\system\View\View.php(203): CodeIgniter\Exceptions\FrameworkException::forInvalidFile('layout_admin/me...')
#1 C:\xampp\htdocs\psg_oferta\system\Common.php(1217): CodeIgniter\View\View->render('layout_admin/me...', Array, true)
#2 C:\xampp\htdocs\psg_oferta\app\Libraries\Templater.php(61): view('layout_admin/me...', Array)
#3 C:\xampp\htdocs\psg_oferta\app\Controllers\UsuariosController.php(14): App\Libraries\Templater->view_admin('layout_admin/me...', Array)
#4 C:\xampp\htdocs\psg_oferta\system\CodeIgniter.php(936): App\Controllers\UsuariosController->index()
#5 C:\xampp\htdocs\psg_oferta\system\CodeIgniter.php(432): CodeIgniter\CodeIgniter->runController(Object(App\Controllers\UsuariosController))
#6 C:\xampp\htdocs\psg_oferta\system\CodeIgniter.php(333): CodeIgniter\CodeIgniter->handleRequest(NULL, Object(Config\Cache), false)
#7 C:\xampp\htdocs\psg_oferta\public\index.php(44): CodeIgniter\CodeIgniter->run()
#8 {main}
