CRITICAL - 2021-04-27 13:13:07 --> Invalid file: layout_admin/menus/ofertas_academicas/form_crear.php
#0 C:\xampp\htdocs\psg_oferta\system\View\View.php(203): CodeIgniter\Exceptions\FrameworkException::forInvalidFile('layout_admin/me...')
#1 C:\xampp\htdocs\psg_oferta\system\Common.php(1217): CodeIgniter\View\View->render('layout_admin/me...', Array, true)
#2 C:\xampp\htdocs\psg_oferta\app\Libraries\Templater.php(50): view('layout_admin/me...', Array)
#3 C:\xampp\htdocs\psg_oferta\app\Controllers\OfertasController.php(22): App\Libraries\Templater->view_admin('layout_admin/me...', Array)
#4 C:\xampp\htdocs\psg_oferta\system\CodeIgniter.php(936): App\Controllers\OfertasController->crear_publicacion()
#5 C:\xampp\htdocs\psg_oferta\system\CodeIgniter.php(432): CodeIgniter\CodeIgniter->runController(Object(App\Controllers\OfertasController))
#6 C:\xampp\htdocs\psg_oferta\system\CodeIgniter.php(333): CodeIgniter\CodeIgniter->handleRequest(NULL, Object(Config\Cache), false)
#7 C:\xampp\htdocs\psg_oferta\public\index.php(44): CodeIgniter\CodeIgniter->run()
#8 {main}
CRITICAL - 2021-04-27 13:13:12 --> Invalid file: layout_admin/menus/ofertas_academicas/form_crear.php
#0 C:\xampp\htdocs\psg_oferta\system\View\View.php(203): CodeIgniter\Exceptions\FrameworkException::forInvalidFile('layout_admin/me...')
#1 C:\xampp\htdocs\psg_oferta\system\Common.php(1217): CodeIgniter\View\View->render('layout_admin/me...', Array, true)
#2 C:\xampp\htdocs\psg_oferta\app\Libraries\Templater.php(50): view('layout_admin/me...', Array)
#3 C:\xampp\htdocs\psg_oferta\app\Controllers\OfertasController.php(22): App\Libraries\Templater->view_admin('layout_admin/me...', Array)
#4 C:\xampp\htdocs\psg_oferta\system\CodeIgniter.php(936): App\Controllers\OfertasController->crear_publicacion()
#5 C:\xampp\htdocs\psg_oferta\system\CodeIgniter.php(432): CodeIgniter\CodeIgniter->runController(Object(App\Controllers\OfertasController))
#6 C:\xampp\htdocs\psg_oferta\system\CodeIgniter.php(333): CodeIgniter\CodeIgniter->handleRequest(NULL, Object(Config\Cache), false)
#7 C:\xampp\htdocs\psg_oferta\public\index.php(44): CodeIgniter\CodeIgniter->run()
#8 {main}
