ERROR - 2021-05-03 22:43:45 --> ErrorException: pg_query(): Query failed: ERROR:  inserción o actualización en la tabla «psg_publicacion» viola la llave foránea «psg_publicacion_fk»
DETAIL:  La llave (id_gestion)=(2) no está presente en la tabla «psg_gestion». in C:\xampp\htdocs\psg_oferta\system\Database\Postgre\Connection.php:170
Stack trace:
#0 [internal function]: CodeIgniter\Debug\Exceptions->errorHandler(2, 'pg_query(): Que...', 'C:\\xampp\\htdocs...', 170, Array)
#1 C:\xampp\htdocs\psg_oferta\system\Database\Postgre\Connection.php(170): pg_query(Resource id #113, 'INSERT INTO "ps...')
#2 C:\xampp\htdocs\psg_oferta\system\Database\BaseConnection.php(713): CodeIgniter\Database\Postgre\Connection->execute('INSERT INTO "ps...')
#3 C:\xampp\htdocs\psg_oferta\system\Database\BaseConnection.php(641): CodeIgniter\Database\BaseConnection->simpleQuery('INSERT INTO "ps...')
#4 C:\xampp\htdocs\psg_oferta\system\Database\BaseBuilder.php(2263): CodeIgniter\Database\BaseConnection->query('INSERT INTO "ps...', Array, false)
#5 C:\xampp\htdocs\psg_oferta\system\Model.php(278): CodeIgniter\Database\BaseBuilder->insert()
#6 C:\xampp\htdocs\psg_oferta\system\BaseModel.php(758): CodeIgniter\Model->doInsert(Array)
#7 C:\xampp\htdocs\psg_oferta\system\Model.php(705): CodeIgniter\BaseModel->insert(Array, true)
#8 C:\xampp\htdocs\psg_oferta\app\Controllers\OfertasController.php(63): CodeIgniter\Model->insert(Array)
#9 C:\xampp\htdocs\psg_oferta\system\CodeIgniter.php(936): App\Controllers\OfertasController->guardar_publicacion()
#10 C:\xampp\htdocs\psg_oferta\system\CodeIgniter.php(432): CodeIgniter\CodeIgniter->runController(Object(App\Controllers\OfertasController))
#11 C:\xampp\htdocs\psg_oferta\system\CodeIgniter.php(333): CodeIgniter\CodeIgniter->handleRequest(NULL, Object(Config\Cache), false)
#12 C:\xampp\htdocs\psg_oferta\public\index.php(44): CodeIgniter\CodeIgniter->run()
#13 {main}
CRITICAL - 2021-05-03 22:43:45 --> pg_query(): Query failed: ERROR:  inserción o actualización en la tabla «psg_publicacion» viola la llave foránea «psg_publicacion_fk»
DETAIL:  La llave (id_gestion)=(2) no está presente en la tabla «psg_gestion».
#0 [internal function]: CodeIgniter\Debug\Exceptions->errorHandler(2, 'pg_query(): Que...', 'C:\\xampp\\htdocs...', 170, Array)
#1 C:\xampp\htdocs\psg_oferta\system\Database\Postgre\Connection.php(170): pg_query(Resource id #113, 'INSERT INTO "ps...')
#2 C:\xampp\htdocs\psg_oferta\system\Database\BaseConnection.php(713): CodeIgniter\Database\Postgre\Connection->execute('INSERT INTO "ps...')
#3 C:\xampp\htdocs\psg_oferta\system\Database\BaseConnection.php(641): CodeIgniter\Database\BaseConnection->simpleQuery('INSERT INTO "ps...')
#4 C:\xampp\htdocs\psg_oferta\system\Database\BaseBuilder.php(2263): CodeIgniter\Database\BaseConnection->query('INSERT INTO "ps...', Array, false)
#5 C:\xampp\htdocs\psg_oferta\system\Model.php(278): CodeIgniter\Database\BaseBuilder->insert()
#6 C:\xampp\htdocs\psg_oferta\system\BaseModel.php(758): CodeIgniter\Model->doInsert(Array)
#7 C:\xampp\htdocs\psg_oferta\system\Model.php(705): CodeIgniter\BaseModel->insert(Array, true)
#8 C:\xampp\htdocs\psg_oferta\app\Controllers\OfertasController.php(63): CodeIgniter\Model->insert(Array)
#9 C:\xampp\htdocs\psg_oferta\system\CodeIgniter.php(936): App\Controllers\OfertasController->guardar_publicacion()
#10 C:\xampp\htdocs\psg_oferta\system\CodeIgniter.php(432): CodeIgniter\CodeIgniter->runController(Object(App\Controllers\OfertasController))
#11 C:\xampp\htdocs\psg_oferta\system\CodeIgniter.php(333): CodeIgniter\CodeIgniter->handleRequest(NULL, Object(Config\Cache), false)
#12 C:\xampp\htdocs\psg_oferta\public\index.php(44): CodeIgniter\CodeIgniter->run()
#13 {main}
CRITICAL - 2021-05-03 22:43:45 --> Uncaught CodeIgniter\Format\Exceptions\FormatException: Failed to parse json string, error: "Type is not supported". in C:\xampp\htdocs\psg_oferta\system\Format\JSONFormatter.php:42
Stack trace:
#0 C:\xampp\htdocs\psg_oferta\system\Format\JSONFormatter.php(42): CodeIgniter\Format\Exceptions\FormatException::forInvalidJSON('Type is not sup...')
#1 C:\xampp\htdocs\psg_oferta\system\API\ResponseTrait.php(407): CodeIgniter\Format\JSONFormatter->format(Array)
#2 C:\xampp\htdocs\psg_oferta\system\API\ResponseTrait.php(114): CodeIgniter\Debug\Exceptions->format(Array)
#3 C:\xampp\htdocs\psg_oferta\system\Debug\Exceptions.php(141): CodeIgniter\Debug\Exceptions->respond(Array, 500)
#4 [internal function]: CodeIgniter\Debug\Exceptions->exceptionHandler(Object(ErrorException))
#5 {main}
  thrown
#0 [internal function]: CodeIgniter\Debug\Exceptions->shutdownHandler()
#1 {main}
ERROR - 2021-05-03 22:43:55 --> ErrorException: pg_query(): Query failed: ERROR:  inserción o actualización en la tabla «psg_publicacion» viola la llave foránea «psg_publicacion_fk»
DETAIL:  La llave (id_gestion)=(2) no está presente en la tabla «psg_gestion». in C:\xampp\htdocs\psg_oferta\system\Database\Postgre\Connection.php:170
Stack trace:
#0 [internal function]: CodeIgniter\Debug\Exceptions->errorHandler(2, 'pg_query(): Que...', 'C:\\xampp\\htdocs...', 170, Array)
#1 C:\xampp\htdocs\psg_oferta\system\Database\Postgre\Connection.php(170): pg_query(Resource id #113, 'INSERT INTO "ps...')
#2 C:\xampp\htdocs\psg_oferta\system\Database\BaseConnection.php(713): CodeIgniter\Database\Postgre\Connection->execute('INSERT INTO "ps...')
#3 C:\xampp\htdocs\psg_oferta\system\Database\BaseConnection.php(641): CodeIgniter\Database\BaseConnection->simpleQuery('INSERT INTO "ps...')
#4 C:\xampp\htdocs\psg_oferta\system\Database\BaseBuilder.php(2263): CodeIgniter\Database\BaseConnection->query('INSERT INTO "ps...', Array, false)
#5 C:\xampp\htdocs\psg_oferta\system\Model.php(278): CodeIgniter\Database\BaseBuilder->insert()
#6 C:\xampp\htdocs\psg_oferta\system\BaseModel.php(758): CodeIgniter\Model->doInsert(Array)
#7 C:\xampp\htdocs\psg_oferta\system\Model.php(705): CodeIgniter\BaseModel->insert(Array, true)
#8 C:\xampp\htdocs\psg_oferta\app\Controllers\OfertasController.php(63): CodeIgniter\Model->insert(Array)
#9 C:\xampp\htdocs\psg_oferta\system\CodeIgniter.php(936): App\Controllers\OfertasController->guardar_publicacion()
#10 C:\xampp\htdocs\psg_oferta\system\CodeIgniter.php(432): CodeIgniter\CodeIgniter->runController(Object(App\Controllers\OfertasController))
#11 C:\xampp\htdocs\psg_oferta\system\CodeIgniter.php(333): CodeIgniter\CodeIgniter->handleRequest(NULL, Object(Config\Cache), false)
#12 C:\xampp\htdocs\psg_oferta\public\index.php(44): CodeIgniter\CodeIgniter->run()
#13 {main}
CRITICAL - 2021-05-03 22:43:55 --> pg_query(): Query failed: ERROR:  inserción o actualización en la tabla «psg_publicacion» viola la llave foránea «psg_publicacion_fk»
DETAIL:  La llave (id_gestion)=(2) no está presente en la tabla «psg_gestion».
#0 [internal function]: CodeIgniter\Debug\Exceptions->errorHandler(2, 'pg_query(): Que...', 'C:\\xampp\\htdocs...', 170, Array)
#1 C:\xampp\htdocs\psg_oferta\system\Database\Postgre\Connection.php(170): pg_query(Resource id #113, 'INSERT INTO "ps...')
#2 C:\xampp\htdocs\psg_oferta\system\Database\BaseConnection.php(713): CodeIgniter\Database\Postgre\Connection->execute('INSERT INTO "ps...')
#3 C:\xampp\htdocs\psg_oferta\system\Database\BaseConnection.php(641): CodeIgniter\Database\BaseConnection->simpleQuery('INSERT INTO "ps...')
#4 C:\xampp\htdocs\psg_oferta\system\Database\BaseBuilder.php(2263): CodeIgniter\Database\BaseConnection->query('INSERT INTO "ps...', Array, false)
#5 C:\xampp\htdocs\psg_oferta\system\Model.php(278): CodeIgniter\Database\BaseBuilder->insert()
#6 C:\xampp\htdocs\psg_oferta\system\BaseModel.php(758): CodeIgniter\Model->doInsert(Array)
#7 C:\xampp\htdocs\psg_oferta\system\Model.php(705): CodeIgniter\BaseModel->insert(Array, true)
#8 C:\xampp\htdocs\psg_oferta\app\Controllers\OfertasController.php(63): CodeIgniter\Model->insert(Array)
#9 C:\xampp\htdocs\psg_oferta\system\CodeIgniter.php(936): App\Controllers\OfertasController->guardar_publicacion()
#10 C:\xampp\htdocs\psg_oferta\system\CodeIgniter.php(432): CodeIgniter\CodeIgniter->runController(Object(App\Controllers\OfertasController))
#11 C:\xampp\htdocs\psg_oferta\system\CodeIgniter.php(333): CodeIgniter\CodeIgniter->handleRequest(NULL, Object(Config\Cache), false)
#12 C:\xampp\htdocs\psg_oferta\public\index.php(44): CodeIgniter\CodeIgniter->run()
#13 {main}
CRITICAL - 2021-05-03 22:43:55 --> Uncaught CodeIgniter\Format\Exceptions\FormatException: Failed to parse json string, error: "Type is not supported". in C:\xampp\htdocs\psg_oferta\system\Format\JSONFormatter.php:42
Stack trace:
#0 C:\xampp\htdocs\psg_oferta\system\Format\JSONFormatter.php(42): CodeIgniter\Format\Exceptions\FormatException::forInvalidJSON('Type is not sup...')
#1 C:\xampp\htdocs\psg_oferta\system\API\ResponseTrait.php(407): CodeIgniter\Format\JSONFormatter->format(Array)
#2 C:\xampp\htdocs\psg_oferta\system\API\ResponseTrait.php(114): CodeIgniter\Debug\Exceptions->format(Array)
#3 C:\xampp\htdocs\psg_oferta\system\Debug\Exceptions.php(141): CodeIgniter\Debug\Exceptions->respond(Array, 500)
#4 [internal function]: CodeIgniter\Debug\Exceptions->exceptionHandler(Object(ErrorException))
#5 {main}
  thrown
#0 [internal function]: CodeIgniter\Debug\Exceptions->shutdownHandler()
#1 {main}
ERROR - 2021-05-03 22:50:05 --> ErrorException: pg_query(): Query failed: ERROR:  inserción o actualización en la tabla «psg_publicacion» viola la llave foránea «psg_publicacion_fk»
DETAIL:  La llave (id_gestion)=(2) no está presente en la tabla «psg_gestion». in C:\xampp\htdocs\psg_oferta\system\Database\Postgre\Connection.php:170
Stack trace:
#0 [internal function]: CodeIgniter\Debug\Exceptions->errorHandler(2, 'pg_query(): Que...', 'C:\\xampp\\htdocs...', 170, Array)
#1 C:\xampp\htdocs\psg_oferta\system\Database\Postgre\Connection.php(170): pg_query(Resource id #113, 'INSERT INTO "ps...')
#2 C:\xampp\htdocs\psg_oferta\system\Database\BaseConnection.php(713): CodeIgniter\Database\Postgre\Connection->execute('INSERT INTO "ps...')
#3 C:\xampp\htdocs\psg_oferta\system\Database\BaseConnection.php(641): CodeIgniter\Database\BaseConnection->simpleQuery('INSERT INTO "ps...')
#4 C:\xampp\htdocs\psg_oferta\system\Database\BaseBuilder.php(2263): CodeIgniter\Database\BaseConnection->query('INSERT INTO "ps...', Array, false)
#5 C:\xampp\htdocs\psg_oferta\system\Model.php(278): CodeIgniter\Database\BaseBuilder->insert()
#6 C:\xampp\htdocs\psg_oferta\system\BaseModel.php(758): CodeIgniter\Model->doInsert(Array)
#7 C:\xampp\htdocs\psg_oferta\system\Model.php(705): CodeIgniter\BaseModel->insert(Array, true)
#8 C:\xampp\htdocs\psg_oferta\app\Controllers\OfertasController.php(63): CodeIgniter\Model->insert(Array)
#9 C:\xampp\htdocs\psg_oferta\system\CodeIgniter.php(936): App\Controllers\OfertasController->guardar_publicacion()
#10 C:\xampp\htdocs\psg_oferta\system\CodeIgniter.php(432): CodeIgniter\CodeIgniter->runController(Object(App\Controllers\OfertasController))
#11 C:\xampp\htdocs\psg_oferta\system\CodeIgniter.php(333): CodeIgniter\CodeIgniter->handleRequest(NULL, Object(Config\Cache), false)
#12 C:\xampp\htdocs\psg_oferta\public\index.php(44): CodeIgniter\CodeIgniter->run()
#13 {main}
CRITICAL - 2021-05-03 22:50:05 --> pg_query(): Query failed: ERROR:  inserción o actualización en la tabla «psg_publicacion» viola la llave foránea «psg_publicacion_fk»
DETAIL:  La llave (id_gestion)=(2) no está presente en la tabla «psg_gestion».
#0 [internal function]: CodeIgniter\Debug\Exceptions->errorHandler(2, 'pg_query(): Que...', 'C:\\xampp\\htdocs...', 170, Array)
#1 C:\xampp\htdocs\psg_oferta\system\Database\Postgre\Connection.php(170): pg_query(Resource id #113, 'INSERT INTO "ps...')
#2 C:\xampp\htdocs\psg_oferta\system\Database\BaseConnection.php(713): CodeIgniter\Database\Postgre\Connection->execute('INSERT INTO "ps...')
#3 C:\xampp\htdocs\psg_oferta\system\Database\BaseConnection.php(641): CodeIgniter\Database\BaseConnection->simpleQuery('INSERT INTO "ps...')
#4 C:\xampp\htdocs\psg_oferta\system\Database\BaseBuilder.php(2263): CodeIgniter\Database\BaseConnection->query('INSERT INTO "ps...', Array, false)
#5 C:\xampp\htdocs\psg_oferta\system\Model.php(278): CodeIgniter\Database\BaseBuilder->insert()
#6 C:\xampp\htdocs\psg_oferta\system\BaseModel.php(758): CodeIgniter\Model->doInsert(Array)
#7 C:\xampp\htdocs\psg_oferta\system\Model.php(705): CodeIgniter\BaseModel->insert(Array, true)
#8 C:\xampp\htdocs\psg_oferta\app\Controllers\OfertasController.php(63): CodeIgniter\Model->insert(Array)
#9 C:\xampp\htdocs\psg_oferta\system\CodeIgniter.php(936): App\Controllers\OfertasController->guardar_publicacion()
#10 C:\xampp\htdocs\psg_oferta\system\CodeIgniter.php(432): CodeIgniter\CodeIgniter->runController(Object(App\Controllers\OfertasController))
#11 C:\xampp\htdocs\psg_oferta\system\CodeIgniter.php(333): CodeIgniter\CodeIgniter->handleRequest(NULL, Object(Config\Cache), false)
#12 C:\xampp\htdocs\psg_oferta\public\index.php(44): CodeIgniter\CodeIgniter->run()
#13 {main}
CRITICAL - 2021-05-03 22:50:05 --> Uncaught CodeIgniter\Format\Exceptions\FormatException: Failed to parse json string, error: "Type is not supported". in C:\xampp\htdocs\psg_oferta\system\Format\JSONFormatter.php:42
Stack trace:
#0 C:\xampp\htdocs\psg_oferta\system\Format\JSONFormatter.php(42): CodeIgniter\Format\Exceptions\FormatException::forInvalidJSON('Type is not sup...')
#1 C:\xampp\htdocs\psg_oferta\system\API\ResponseTrait.php(407): CodeIgniter\Format\JSONFormatter->format(Array)
#2 C:\xampp\htdocs\psg_oferta\system\API\ResponseTrait.php(114): CodeIgniter\Debug\Exceptions->format(Array)
#3 C:\xampp\htdocs\psg_oferta\system\Debug\Exceptions.php(141): CodeIgniter\Debug\Exceptions->respond(Array, 500)
#4 [internal function]: CodeIgniter\Debug\Exceptions->exceptionHandler(Object(ErrorException))
#5 {main}
  thrown
#0 [internal function]: CodeIgniter\Debug\Exceptions->shutdownHandler()
#1 {main}
ERROR - 2021-05-03 23:01:27 --> ErrorException: pg_query(): Query failed: ERROR:  inserción o actualización en la tabla «psg_publicacion» viola la llave foránea «psg_publicacion_fk»
DETAIL:  La llave (id_gestion)=(2) no está presente en la tabla «psg_gestion». in C:\xampp\htdocs\psg_oferta\system\Database\Postgre\Connection.php:170
Stack trace:
#0 [internal function]: CodeIgniter\Debug\Exceptions->errorHandler(2, 'pg_query(): Que...', 'C:\\xampp\\htdocs...', 170, Array)
#1 C:\xampp\htdocs\psg_oferta\system\Database\Postgre\Connection.php(170): pg_query(Resource id #113, 'INSERT INTO "ps...')
#2 C:\xampp\htdocs\psg_oferta\system\Database\BaseConnection.php(713): CodeIgniter\Database\Postgre\Connection->execute('INSERT INTO "ps...')
#3 C:\xampp\htdocs\psg_oferta\system\Database\BaseConnection.php(641): CodeIgniter\Database\BaseConnection->simpleQuery('INSERT INTO "ps...')
#4 C:\xampp\htdocs\psg_oferta\system\Database\BaseBuilder.php(2263): CodeIgniter\Database\BaseConnection->query('INSERT INTO "ps...', Array, false)
#5 C:\xampp\htdocs\psg_oferta\system\Model.php(278): CodeIgniter\Database\BaseBuilder->insert()
#6 C:\xampp\htdocs\psg_oferta\system\BaseModel.php(758): CodeIgniter\Model->doInsert(Array)
#7 C:\xampp\htdocs\psg_oferta\system\Model.php(705): CodeIgniter\BaseModel->insert(Array, true)
#8 C:\xampp\htdocs\psg_oferta\app\Controllers\OfertasController.php(63): CodeIgniter\Model->insert(Array)
#9 C:\xampp\htdocs\psg_oferta\system\CodeIgniter.php(936): App\Controllers\OfertasController->guardar_publicacion()
#10 C:\xampp\htdocs\psg_oferta\system\CodeIgniter.php(432): CodeIgniter\CodeIgniter->runController(Object(App\Controllers\OfertasController))
#11 C:\xampp\htdocs\psg_oferta\system\CodeIgniter.php(333): CodeIgniter\CodeIgniter->handleRequest(NULL, Object(Config\Cache), false)
#12 C:\xampp\htdocs\psg_oferta\public\index.php(44): CodeIgniter\CodeIgniter->run()
#13 {main}
CRITICAL - 2021-05-03 23:01:27 --> pg_query(): Query failed: ERROR:  inserción o actualización en la tabla «psg_publicacion» viola la llave foránea «psg_publicacion_fk»
DETAIL:  La llave (id_gestion)=(2) no está presente en la tabla «psg_gestion».
#0 [internal function]: CodeIgniter\Debug\Exceptions->errorHandler(2, 'pg_query(): Que...', 'C:\\xampp\\htdocs...', 170, Array)
#1 C:\xampp\htdocs\psg_oferta\system\Database\Postgre\Connection.php(170): pg_query(Resource id #113, 'INSERT INTO "ps...')
#2 C:\xampp\htdocs\psg_oferta\system\Database\BaseConnection.php(713): CodeIgniter\Database\Postgre\Connection->execute('INSERT INTO "ps...')
#3 C:\xampp\htdocs\psg_oferta\system\Database\BaseConnection.php(641): CodeIgniter\Database\BaseConnection->simpleQuery('INSERT INTO "ps...')
#4 C:\xampp\htdocs\psg_oferta\system\Database\BaseBuilder.php(2263): CodeIgniter\Database\BaseConnection->query('INSERT INTO "ps...', Array, false)
#5 C:\xampp\htdocs\psg_oferta\system\Model.php(278): CodeIgniter\Database\BaseBuilder->insert()
#6 C:\xampp\htdocs\psg_oferta\system\BaseModel.php(758): CodeIgniter\Model->doInsert(Array)
#7 C:\xampp\htdocs\psg_oferta\system\Model.php(705): CodeIgniter\BaseModel->insert(Array, true)
#8 C:\xampp\htdocs\psg_oferta\app\Controllers\OfertasController.php(63): CodeIgniter\Model->insert(Array)
#9 C:\xampp\htdocs\psg_oferta\system\CodeIgniter.php(936): App\Controllers\OfertasController->guardar_publicacion()
#10 C:\xampp\htdocs\psg_oferta\system\CodeIgniter.php(432): CodeIgniter\CodeIgniter->runController(Object(App\Controllers\OfertasController))
#11 C:\xampp\htdocs\psg_oferta\system\CodeIgniter.php(333): CodeIgniter\CodeIgniter->handleRequest(NULL, Object(Config\Cache), false)
#12 C:\xampp\htdocs\psg_oferta\public\index.php(44): CodeIgniter\CodeIgniter->run()
#13 {main}
CRITICAL - 2021-05-03 23:01:27 --> Uncaught CodeIgniter\Format\Exceptions\FormatException: Failed to parse json string, error: "Type is not supported". in C:\xampp\htdocs\psg_oferta\system\Format\JSONFormatter.php:42
Stack trace:
#0 C:\xampp\htdocs\psg_oferta\system\Format\JSONFormatter.php(42): CodeIgniter\Format\Exceptions\FormatException::forInvalidJSON('Type is not sup...')
#1 C:\xampp\htdocs\psg_oferta\system\API\ResponseTrait.php(407): CodeIgniter\Format\JSONFormatter->format(Array)
#2 C:\xampp\htdocs\psg_oferta\system\API\ResponseTrait.php(114): CodeIgniter\Debug\Exceptions->format(Array)
#3 C:\xampp\htdocs\psg_oferta\system\Debug\Exceptions.php(141): CodeIgniter\Debug\Exceptions->respond(Array, 500)
#4 [internal function]: CodeIgniter\Debug\Exceptions->exceptionHandler(Object(ErrorException))
#5 {main}
  thrown
#0 [internal function]: CodeIgniter\Debug\Exceptions->shutdownHandler()
#1 {main}
CRITICAL - 2021-05-03 23:22:04 --> Array to string conversion
#0 C:\xampp\htdocs\psg_oferta\app\Views\layout_admin\menus\publicaciones\form_crear.php(1): CodeIgniter\Debug\Exceptions->errorHandler(8, 'Array to string...', 'C:\\xampp\\htdocs...', 1, Array)
#1 C:\xampp\htdocs\psg_oferta\system\View\View.php(220): include('C:\\xampp\\htdocs...')
#2 C:\xampp\htdocs\psg_oferta\system\View\View.php(222): CodeIgniter\View\View->CodeIgniter\View\{closure}()
#3 C:\xampp\htdocs\psg_oferta\system\Common.php(1217): CodeIgniter\View\View->render('layout_admin/me...', Array, true)
#4 C:\xampp\htdocs\psg_oferta\app\Libraries\Templater.php(50): view('layout_admin/me...', Array)
#5 C:\xampp\htdocs\psg_oferta\app\Controllers\OfertasController.php(35): App\Libraries\Templater->view_admin('layout_admin/me...', Array)
#6 C:\xampp\htdocs\psg_oferta\system\CodeIgniter.php(936): App\Controllers\OfertasController->crear_publicacion()
#7 C:\xampp\htdocs\psg_oferta\system\CodeIgniter.php(432): CodeIgniter\CodeIgniter->runController(Object(App\Controllers\OfertasController))
#8 C:\xampp\htdocs\psg_oferta\system\CodeIgniter.php(333): CodeIgniter\CodeIgniter->handleRequest(NULL, Object(Config\Cache), false)
#9 C:\xampp\htdocs\psg_oferta\public\index.php(44): CodeIgniter\CodeIgniter->run()
#10 {main}
CRITICAL - 2021-05-03 23:25:55 --> Undefined variable: id
#0 C:\xampp\htdocs\psg_oferta\app\Views\layout_admin\menus\publicaciones\form_crear.php(3): CodeIgniter\Debug\Exceptions->errorHandler(8, 'Undefined varia...', 'C:\\xampp\\htdocs...', 3, Array)
#1 C:\xampp\htdocs\psg_oferta\system\View\View.php(220): include('C:\\xampp\\htdocs...')
#2 C:\xampp\htdocs\psg_oferta\system\View\View.php(222): CodeIgniter\View\View->CodeIgniter\View\{closure}()
#3 C:\xampp\htdocs\psg_oferta\system\Common.php(1217): CodeIgniter\View\View->render('layout_admin/me...', Array, true)
#4 C:\xampp\htdocs\psg_oferta\app\Libraries\Templater.php(50): view('layout_admin/me...', Array)
#5 C:\xampp\htdocs\psg_oferta\app\Controllers\OfertasController.php(35): App\Libraries\Templater->view_admin('layout_admin/me...', Array)
#6 C:\xampp\htdocs\psg_oferta\system\CodeIgniter.php(936): App\Controllers\OfertasController->crear_publicacion()
#7 C:\xampp\htdocs\psg_oferta\system\CodeIgniter.php(432): CodeIgniter\CodeIgniter->runController(Object(App\Controllers\OfertasController))
#8 C:\xampp\htdocs\psg_oferta\system\CodeIgniter.php(333): CodeIgniter\CodeIgniter->handleRequest(NULL, Object(Config\Cache), false)
#9 C:\xampp\htdocs\psg_oferta\public\index.php(44): CodeIgniter\CodeIgniter->run()
#10 {main}
CRITICAL - 2021-05-03 23:26:15 --> syntax error, unexpected '?>', expecting ')'
#0 C:\xampp\htdocs\psg_oferta\system\View\View.php(222): CodeIgniter\View\View->CodeIgniter\View\{closure}()
#1 C:\xampp\htdocs\psg_oferta\system\Common.php(1217): CodeIgniter\View\View->render('layout_admin/me...', Array, true)
#2 C:\xampp\htdocs\psg_oferta\app\Libraries\Templater.php(50): view('layout_admin/me...', Array)
#3 C:\xampp\htdocs\psg_oferta\app\Controllers\OfertasController.php(35): App\Libraries\Templater->view_admin('layout_admin/me...', Array)
#4 C:\xampp\htdocs\psg_oferta\system\CodeIgniter.php(936): App\Controllers\OfertasController->crear_publicacion()
#5 C:\xampp\htdocs\psg_oferta\system\CodeIgniter.php(432): CodeIgniter\CodeIgniter->runController(Object(App\Controllers\OfertasController))
#6 C:\xampp\htdocs\psg_oferta\system\CodeIgniter.php(333): CodeIgniter\CodeIgniter->handleRequest(NULL, Object(Config\Cache), false)
#7 C:\xampp\htdocs\psg_oferta\public\index.php(44): CodeIgniter\CodeIgniter->run()
#8 {main}
CRITICAL - 2021-05-03 23:26:21 --> syntax error, unexpected '?>', expecting ')'
#0 C:\xampp\htdocs\psg_oferta\system\View\View.php(222): CodeIgniter\View\View->CodeIgniter\View\{closure}()
#1 C:\xampp\htdocs\psg_oferta\system\Common.php(1217): CodeIgniter\View\View->render('layout_admin/me...', Array, true)
#2 C:\xampp\htdocs\psg_oferta\app\Libraries\Templater.php(50): view('layout_admin/me...', Array)
#3 C:\xampp\htdocs\psg_oferta\app\Controllers\OfertasController.php(35): App\Libraries\Templater->view_admin('layout_admin/me...', Array)
#4 C:\xampp\htdocs\psg_oferta\system\CodeIgniter.php(936): App\Controllers\OfertasController->crear_publicacion()
#5 C:\xampp\htdocs\psg_oferta\system\CodeIgniter.php(432): CodeIgniter\CodeIgniter->runController(Object(App\Controllers\OfertasController))
#6 C:\xampp\htdocs\psg_oferta\system\CodeIgniter.php(333): CodeIgniter\CodeIgniter->handleRequest(NULL, Object(Config\Cache), false)
#7 C:\xampp\htdocs\psg_oferta\public\index.php(44): CodeIgniter\CodeIgniter->run()
#8 {main}
CRITICAL - 2021-05-03 23:27:28 --> Class 'objetc' not found
#0 [internal function]: CodeIgniter\Debug\Exceptions->shutdownHandler()
#1 {main}
CRITICAL - 2021-05-03 23:28:21 --> Class 'objet' not found
#0 [internal function]: CodeIgniter\Debug\Exceptions->shutdownHandler()
#1 {main}
CRITICAL - 2021-05-03 23:33:29 --> Cannot use object of type stdClass as array
#0 C:\xampp\htdocs\psg_oferta\system\View\View.php(220): include()
#1 C:\xampp\htdocs\psg_oferta\system\View\View.php(222): CodeIgniter\View\View->CodeIgniter\View\{closure}()
#2 C:\xampp\htdocs\psg_oferta\system\Common.php(1217): CodeIgniter\View\View->render('layout_admin/me...', Array, true)
#3 C:\xampp\htdocs\psg_oferta\app\Libraries\Templater.php(50): view('layout_admin/me...', Array)
#4 C:\xampp\htdocs\psg_oferta\app\Controllers\OfertasController.php(35): App\Libraries\Templater->view_admin('layout_admin/me...', Array)
#5 C:\xampp\htdocs\psg_oferta\system\CodeIgniter.php(936): App\Controllers\OfertasController->crear_publicacion()
#6 C:\xampp\htdocs\psg_oferta\system\CodeIgniter.php(432): CodeIgniter\CodeIgniter->runController(Object(App\Controllers\OfertasController))
#7 C:\xampp\htdocs\psg_oferta\system\CodeIgniter.php(333): CodeIgniter\CodeIgniter->handleRequest(NULL, Object(Config\Cache), false)
#8 C:\xampp\htdocs\psg_oferta\public\index.php(44): CodeIgniter\CodeIgniter->run()
#9 {main}
CRITICAL - 2021-05-03 23:33:53 --> Cannot use object of type stdClass as array
#0 C:\xampp\htdocs\psg_oferta\system\View\View.php(220): include()
#1 C:\xampp\htdocs\psg_oferta\system\View\View.php(222): CodeIgniter\View\View->CodeIgniter\View\{closure}()
#2 C:\xampp\htdocs\psg_oferta\system\Common.php(1217): CodeIgniter\View\View->render('layout_admin/me...', Array, true)
#3 C:\xampp\htdocs\psg_oferta\app\Libraries\Templater.php(50): view('layout_admin/me...', Array)
#4 C:\xampp\htdocs\psg_oferta\app\Controllers\OfertasController.php(35): App\Libraries\Templater->view_admin('layout_admin/me...', Array)
#5 C:\xampp\htdocs\psg_oferta\system\CodeIgniter.php(936): App\Controllers\OfertasController->crear_publicacion()
#6 C:\xampp\htdocs\psg_oferta\system\CodeIgniter.php(432): CodeIgniter\CodeIgniter->runController(Object(App\Controllers\OfertasController))
#7 C:\xampp\htdocs\psg_oferta\system\CodeIgniter.php(333): CodeIgniter\CodeIgniter->handleRequest(NULL, Object(Config\Cache), false)
#8 C:\xampp\htdocs\psg_oferta\public\index.php(44): CodeIgniter\CodeIgniter->run()
#9 {main}
CRITICAL - 2021-05-03 23:34:01 --> Cannot use object of type stdClass as array
#0 C:\xampp\htdocs\psg_oferta\system\View\View.php(220): include()
#1 C:\xampp\htdocs\psg_oferta\system\View\View.php(222): CodeIgniter\View\View->CodeIgniter\View\{closure}()
#2 C:\xampp\htdocs\psg_oferta\system\Common.php(1217): CodeIgniter\View\View->render('layout_admin/me...', Array, true)
#3 C:\xampp\htdocs\psg_oferta\app\Libraries\Templater.php(61): view('layout_admin/me...', Array)
#4 C:\xampp\htdocs\psg_oferta\app\Controllers\OfertasController.php(35): App\Libraries\Templater->view_admin('layout_admin/me...', Array)
#5 C:\xampp\htdocs\psg_oferta\system\CodeIgniter.php(936): App\Controllers\OfertasController->crear_publicacion()
#6 C:\xampp\htdocs\psg_oferta\system\CodeIgniter.php(432): CodeIgniter\CodeIgniter->runController(Object(App\Controllers\OfertasController))
#7 C:\xampp\htdocs\psg_oferta\system\CodeIgniter.php(333): CodeIgniter\CodeIgniter->handleRequest(NULL, Object(Config\Cache), false)
#8 C:\xampp\htdocs\psg_oferta\public\index.php(44): CodeIgniter\CodeIgniter->run()
#9 {main}
CRITICAL - 2021-05-03 23:34:32 --> Cannot use object of type stdClass as array
#0 C:\xampp\htdocs\psg_oferta\system\View\View.php(220): include()
#1 C:\xampp\htdocs\psg_oferta\system\View\View.php(222): CodeIgniter\View\View->CodeIgniter\View\{closure}()
#2 C:\xampp\htdocs\psg_oferta\system\Common.php(1217): CodeIgniter\View\View->render('layout_admin/me...', Array, true)
#3 C:\xampp\htdocs\psg_oferta\app\Libraries\Templater.php(61): view('layout_admin/me...', Array)
#4 C:\xampp\htdocs\psg_oferta\app\Controllers\OfertasController.php(35): App\Libraries\Templater->view_admin('layout_admin/me...', Array)
#5 C:\xampp\htdocs\psg_oferta\system\CodeIgniter.php(936): App\Controllers\OfertasController->crear_publicacion()
#6 C:\xampp\htdocs\psg_oferta\system\CodeIgniter.php(432): CodeIgniter\CodeIgniter->runController(Object(App\Controllers\OfertasController))
#7 C:\xampp\htdocs\psg_oferta\system\CodeIgniter.php(333): CodeIgniter\CodeIgniter->handleRequest(NULL, Object(Config\Cache), false)
#8 C:\xampp\htdocs\psg_oferta\public\index.php(44): CodeIgniter\CodeIgniter->run()
#9 {main}
CRITICAL - 2021-05-03 23:36:56 --> Object of class CodeIgniter\View\View could not be converted to string
#0 C:\xampp\htdocs\psg_oferta\system\View\View.php(220): include()
#1 C:\xampp\htdocs\psg_oferta\system\View\View.php(222): CodeIgniter\View\View->CodeIgniter\View\{closure}()
#2 C:\xampp\htdocs\psg_oferta\system\Common.php(1217): CodeIgniter\View\View->render('layout_admin/me...', Array, true)
#3 C:\xampp\htdocs\psg_oferta\app\Libraries\Templater.php(50): view('layout_admin/me...', Array)
#4 C:\xampp\htdocs\psg_oferta\app\Controllers\OfertasController.php(35): App\Libraries\Templater->view_admin('layout_admin/me...', Array)
#5 C:\xampp\htdocs\psg_oferta\system\CodeIgniter.php(936): App\Controllers\OfertasController->crear_publicacion()
#6 C:\xampp\htdocs\psg_oferta\system\CodeIgniter.php(432): CodeIgniter\CodeIgniter->runController(Object(App\Controllers\OfertasController))
#7 C:\xampp\htdocs\psg_oferta\system\CodeIgniter.php(333): CodeIgniter\CodeIgniter->handleRequest(NULL, Object(Config\Cache), false)
#8 C:\xampp\htdocs\psg_oferta\public\index.php(44): CodeIgniter\CodeIgniter->run()
#9 {main}
CRITICAL - 2021-05-03 23:38:04 --> Undefined variable: gestion
#0 C:\xampp\htdocs\psg_oferta\app\Views\layout_admin\menus\publicaciones\form_crear.php(3): CodeIgniter\Debug\Exceptions->errorHandler(8, 'Undefined varia...', 'C:\\xampp\\htdocs...', 3, Array)
#1 C:\xampp\htdocs\psg_oferta\system\View\View.php(220): include('C:\\xampp\\htdocs...')
#2 C:\xampp\htdocs\psg_oferta\system\View\View.php(222): CodeIgniter\View\View->CodeIgniter\View\{closure}()
#3 C:\xampp\htdocs\psg_oferta\system\Common.php(1217): CodeIgniter\View\View->render('layout_admin/me...', Array, true)
#4 C:\xampp\htdocs\psg_oferta\app\Libraries\Templater.php(50): view('layout_admin/me...', Array)
#5 C:\xampp\htdocs\psg_oferta\app\Controllers\OfertasController.php(35): App\Libraries\Templater->view_admin('layout_admin/me...', Array)
#6 C:\xampp\htdocs\psg_oferta\system\CodeIgniter.php(936): App\Controllers\OfertasController->crear_publicacion()
#7 C:\xampp\htdocs\psg_oferta\system\CodeIgniter.php(432): CodeIgniter\CodeIgniter->runController(Object(App\Controllers\OfertasController))
#8 C:\xampp\htdocs\psg_oferta\system\CodeIgniter.php(333): CodeIgniter\CodeIgniter->handleRequest(NULL, Object(Config\Cache), false)
#9 C:\xampp\htdocs\psg_oferta\public\index.php(44): CodeIgniter\CodeIgniter->run()
#10 {main}
