CRITICAL - 2021-04-26 02:58:54 --> Invalid file: layout/inscripcion/inscripcion.php
#0 C:\xampp\htdocs\psg_oferta\system\View\View.php(203): CodeIgniter\Exceptions\FrameworkException::forInvalidFile('layout/inscripc...')
#1 C:\xampp\htdocs\psg_oferta\system\Common.php(1217): CodeIgniter\View\View->render('layout/inscripc...', Array, true)
#2 C:\xampp\htdocs\psg_oferta\app\Libraries\Templater.php(41): view('layout/inscripc...', Array)
#3 C:\xampp\htdocs\psg_oferta\app\Controllers\Home.php(55): App\Libraries\Templater->view('layout/inscripc...', Array)
#4 C:\xampp\htdocs\psg_oferta\system\CodeIgniter.php(936): App\Controllers\Home->inscripcion()
#5 C:\xampp\htdocs\psg_oferta\system\CodeIgniter.php(432): CodeIgniter\CodeIgniter->runController(Object(App\Controllers\Home))
#6 C:\xampp\htdocs\psg_oferta\system\CodeIgniter.php(333): CodeIgniter\CodeIgniter->handleRequest(NULL, Object(Config\Cache), false)
#7 C:\xampp\htdocs\psg_oferta\public\index.php(44): CodeIgniter\CodeIgniter->run()
#8 {main}
CRITICAL - 2021-04-26 04:40:07 --> Invalid file: layout/inscripcion/inscripcion.php
#0 C:\xampp\htdocs\psg_oferta\system\View\View.php(203): CodeIgniter\Exceptions\FrameworkException::forInvalidFile('layout/inscripc...')
#1 C:\xampp\htdocs\psg_oferta\system\Common.php(1217): CodeIgniter\View\View->render('layout/inscripc...', Array, true)
#2 C:\xampp\htdocs\psg_oferta\app\Libraries\Templater.php(41): view('layout/inscripc...', Array)
#3 C:\xampp\htdocs\psg_oferta\app\Controllers\Home.php(55): App\Libraries\Templater->view('layout/inscripc...', Array)
#4 C:\xampp\htdocs\psg_oferta\system\CodeIgniter.php(936): App\Controllers\Home->inscripcion()
#5 C:\xampp\htdocs\psg_oferta\system\CodeIgniter.php(432): CodeIgniter\CodeIgniter->runController(Object(App\Controllers\Home))
#6 C:\xampp\htdocs\psg_oferta\system\CodeIgniter.php(333): CodeIgniter\CodeIgniter->handleRequest(NULL, Object(Config\Cache), false)
#7 C:\xampp\htdocs\psg_oferta\public\index.php(44): CodeIgniter\CodeIgniter->run()
#8 {main}
CRITICAL - 2021-04-26 05:20:50 --> Undefined variable: header
#0 C:\xampp\htdocs\psg_oferta\app\Views\layout_admin\layout_admin_base.php(47): CodeIgniter\Debug\Exceptions->errorHandler(8, 'Undefined varia...', 'C:\\xampp\\htdocs...', 47, Array)
#1 C:\xampp\htdocs\psg_oferta\system\View\View.php(220): include('C:\\xampp\\htdocs...')
#2 C:\xampp\htdocs\psg_oferta\system\View\View.php(222): CodeIgniter\View\View->CodeIgniter\View\{closure}()
#3 C:\xampp\htdocs\psg_oferta\system\Common.php(1217): CodeIgniter\View\View->render('layout_admin/la...', Array, true)
#4 C:\xampp\htdocs\psg_oferta\app\Libraries\Templater.php(79): view('layout_admin/la...', Array)
#5 C:\xampp\htdocs\psg_oferta\app\Controllers\Principal.php(20): App\Libraries\Templater->view_form('layout_admin/in...', Array)
#6 C:\xampp\htdocs\psg_oferta\system\CodeIgniter.php(936): App\Controllers\Principal->inscripcion()
#7 C:\xampp\htdocs\psg_oferta\system\CodeIgniter.php(432): CodeIgniter\CodeIgniter->runController(Object(App\Controllers\Principal))
#8 C:\xampp\htdocs\psg_oferta\system\CodeIgniter.php(333): CodeIgniter\CodeIgniter->handleRequest(NULL, Object(Config\Cache), false)
#9 C:\xampp\htdocs\psg_oferta\public\index.php(44): CodeIgniter\CodeIgniter->run()
#10 {main}
CRITICAL - 2021-04-26 05:22:07 --> Undefined variable: header
#0 C:\xampp\htdocs\psg_oferta\app\Views\layout_admin\layout_admin_base.php(47): CodeIgniter\Debug\Exceptions->errorHandler(8, 'Undefined varia...', 'C:\\xampp\\htdocs...', 47, Array)
#1 C:\xampp\htdocs\psg_oferta\system\View\View.php(220): include('C:\\xampp\\htdocs...')
#2 C:\xampp\htdocs\psg_oferta\system\View\View.php(222): CodeIgniter\View\View->CodeIgniter\View\{closure}()
#3 C:\xampp\htdocs\psg_oferta\system\Common.php(1217): CodeIgniter\View\View->render('layout_admin/la...', Array, true)
#4 C:\xampp\htdocs\psg_oferta\app\Libraries\Templater.php(83): view('layout_admin/la...', Array)
#5 C:\xampp\htdocs\psg_oferta\app\Controllers\Principal.php(20): App\Libraries\Templater->view_form('layout_admin/in...', Array)
#6 C:\xampp\htdocs\psg_oferta\system\CodeIgniter.php(936): App\Controllers\Principal->inscripcion()
#7 C:\xampp\htdocs\psg_oferta\system\CodeIgniter.php(432): CodeIgniter\CodeIgniter->runController(Object(App\Controllers\Principal))
#8 C:\xampp\htdocs\psg_oferta\system\CodeIgniter.php(333): CodeIgniter\CodeIgniter->handleRequest(NULL, Object(Config\Cache), false)
#9 C:\xampp\htdocs\psg_oferta\public\index.php(44): CodeIgniter\CodeIgniter->run()
#10 {main}
CRITICAL - 2021-04-26 05:26:44 --> Undefined variable: menu
#0 C:\xampp\htdocs\psg_oferta\app\Views\layout\layout_base.php(79): CodeIgniter\Debug\Exceptions->errorHandler(8, 'Undefined varia...', 'C:\\xampp\\htdocs...', 79, Array)
#1 C:\xampp\htdocs\psg_oferta\system\View\View.php(220): include('C:\\xampp\\htdocs...')
#2 C:\xampp\htdocs\psg_oferta\system\View\View.php(222): CodeIgniter\View\View->CodeIgniter\View\{closure}()
#3 C:\xampp\htdocs\psg_oferta\system\Common.php(1217): CodeIgniter\View\View->render('layout/layout_b...', Array, true)
#4 C:\xampp\htdocs\psg_oferta\app\Libraries\Templater.php(99): view('layout/layout_b...', Array)
#5 C:\xampp\htdocs\psg_oferta\app\Controllers\Principal.php(20): App\Libraries\Templater->view_form('layout_admin/in...', Array)
#6 C:\xampp\htdocs\psg_oferta\system\CodeIgniter.php(936): App\Controllers\Principal->inscripcion()
#7 C:\xampp\htdocs\psg_oferta\system\CodeIgniter.php(432): CodeIgniter\CodeIgniter->runController(Object(App\Controllers\Principal))
#8 C:\xampp\htdocs\psg_oferta\system\CodeIgniter.php(333): CodeIgniter\CodeIgniter->handleRequest(NULL, Object(Config\Cache), false)
#9 C:\xampp\htdocs\psg_oferta\public\index.php(44): CodeIgniter\CodeIgniter->run()
#10 {main}
CRITICAL - 2021-04-26 05:27:28 --> Undefined variable: header
#0 C:\xampp\htdocs\psg_oferta\app\Views\layout_admin\layout_admin_form.php(47): CodeIgniter\Debug\Exceptions->errorHandler(8, 'Undefined varia...', 'C:\\xampp\\htdocs...', 47, Array)
#1 C:\xampp\htdocs\psg_oferta\system\View\View.php(220): include('C:\\xampp\\htdocs...')
#2 C:\xampp\htdocs\psg_oferta\system\View\View.php(222): CodeIgniter\View\View->CodeIgniter\View\{closure}()
#3 C:\xampp\htdocs\psg_oferta\system\Common.php(1217): CodeIgniter\View\View->render('layout_admin/la...', Array, true)
#4 C:\xampp\htdocs\psg_oferta\app\Libraries\Templater.php(81): view('layout_admin/la...', Array)
#5 C:\xampp\htdocs\psg_oferta\app\Controllers\Principal.php(20): App\Libraries\Templater->view_form('layout_admin/in...', Array)
#6 C:\xampp\htdocs\psg_oferta\system\CodeIgniter.php(936): App\Controllers\Principal->inscripcion()
#7 C:\xampp\htdocs\psg_oferta\system\CodeIgniter.php(432): CodeIgniter\CodeIgniter->runController(Object(App\Controllers\Principal))
#8 C:\xampp\htdocs\psg_oferta\system\CodeIgniter.php(333): CodeIgniter\CodeIgniter->handleRequest(NULL, Object(Config\Cache), false)
#9 C:\xampp\htdocs\psg_oferta\public\index.php(44): CodeIgniter\CodeIgniter->run()
#10 {main}
CRITICAL - 2021-04-26 05:27:31 --> Undefined variable: header
#0 C:\xampp\htdocs\psg_oferta\app\Views\layout_admin\layout_admin_form.php(47): CodeIgniter\Debug\Exceptions->errorHandler(8, 'Undefined varia...', 'C:\\xampp\\htdocs...', 47, Array)
#1 C:\xampp\htdocs\psg_oferta\system\View\View.php(220): include('C:\\xampp\\htdocs...')
#2 C:\xampp\htdocs\psg_oferta\system\View\View.php(222): CodeIgniter\View\View->CodeIgniter\View\{closure}()
#3 C:\xampp\htdocs\psg_oferta\system\Common.php(1217): CodeIgniter\View\View->render('layout_admin/la...', Array, true)
#4 C:\xampp\htdocs\psg_oferta\app\Libraries\Templater.php(81): view('layout_admin/la...', Array)
#5 C:\xampp\htdocs\psg_oferta\app\Controllers\Principal.php(20): App\Libraries\Templater->view_form('layout_admin/in...', Array)
#6 C:\xampp\htdocs\psg_oferta\system\CodeIgniter.php(936): App\Controllers\Principal->inscripcion()
#7 C:\xampp\htdocs\psg_oferta\system\CodeIgniter.php(432): CodeIgniter\CodeIgniter->runController(Object(App\Controllers\Principal))
#8 C:\xampp\htdocs\psg_oferta\system\CodeIgniter.php(333): CodeIgniter\CodeIgniter->handleRequest(NULL, Object(Config\Cache), false)
#9 C:\xampp\htdocs\psg_oferta\public\index.php(44): CodeIgniter\CodeIgniter->run()
#10 {main}
CRITICAL - 2021-04-26 05:28:02 --> Undefined variable: header
#0 C:\xampp\htdocs\psg_oferta\app\Views\layout_admin\layout_admin_form.php(47): CodeIgniter\Debug\Exceptions->errorHandler(8, 'Undefined varia...', 'C:\\xampp\\htdocs...', 47, Array)
#1 C:\xampp\htdocs\psg_oferta\system\View\View.php(220): include('C:\\xampp\\htdocs...')
#2 C:\xampp\htdocs\psg_oferta\system\View\View.php(222): CodeIgniter\View\View->CodeIgniter\View\{closure}()
#3 C:\xampp\htdocs\psg_oferta\system\Common.php(1217): CodeIgniter\View\View->render('layout_admin/la...', Array, true)
#4 C:\xampp\htdocs\psg_oferta\app\Libraries\Templater.php(81): view('layout_admin/la...', Array)
#5 C:\xampp\htdocs\psg_oferta\app\Controllers\Principal.php(20): App\Libraries\Templater->view_form('layout_admin/in...', Array)
#6 C:\xampp\htdocs\psg_oferta\system\CodeIgniter.php(936): App\Controllers\Principal->inscripcion()
#7 C:\xampp\htdocs\psg_oferta\system\CodeIgniter.php(432): CodeIgniter\CodeIgniter->runController(Object(App\Controllers\Principal))
#8 C:\xampp\htdocs\psg_oferta\system\CodeIgniter.php(333): CodeIgniter\CodeIgniter->handleRequest(NULL, Object(Config\Cache), false)
#9 C:\xampp\htdocs\psg_oferta\public\index.php(44): CodeIgniter\CodeIgniter->run()
#10 {main}
