ERROR - 2021-05-20 11:44:46 --> Error connecting to the database: pg_connect(): Unable to connect to PostgreSQL server: could not connect to server: Connection refused (0x0000274D/10061)
	Is the server running on host &quot;localhost&quot; (::1) and accepting
	TCP/IP connections on port 5433?
could not connect to server: Connection refused (0x0000274D/10061)
	Is the server running on host &quot;localhost&quot; (127.0.0.1) and accepting
	TCP/IP connections on port 5433?
CRITICAL - 2021-05-20 11:44:46 --> Unable to connect to the database.
#0 C:\xampp\htdocs\psg_oferta\system\Database\BaseConnection.php(618): CodeIgniter\Database\BaseConnection->initialize()
#1 C:\xampp\htdocs\psg_oferta\system\Database\BaseBuilder.php(1866): CodeIgniter\Database\BaseConnection->query('SELECT *\nFROM "...', Array, false)
#2 C:\xampp\htdocs\psg_oferta\system\Model.php(213): CodeIgniter\Database\BaseBuilder->get()
#3 C:\xampp\htdocs\psg_oferta\system\BaseModel.php(583): CodeIgniter\Model->doFindAll(0, 0)
#4 C:\xampp\htdocs\psg_oferta\app\Controllers\OfertasController.php(32): CodeIgniter\BaseModel->findAll()
#5 C:\xampp\htdocs\psg_oferta\system\CodeIgniter.php(936): App\Controllers\OfertasController->crear_publicacion()
#6 C:\xampp\htdocs\psg_oferta\system\CodeIgniter.php(432): CodeIgniter\CodeIgniter->runController(Object(App\Controllers\OfertasController))
#7 C:\xampp\htdocs\psg_oferta\system\CodeIgniter.php(333): CodeIgniter\CodeIgniter->handleRequest(NULL, Object(Config\Cache), false)
#8 C:\xampp\htdocs\psg_oferta\public\index.php(44): CodeIgniter\CodeIgniter->run()
#9 {main}
ERROR - 2021-05-20 11:49:30 --> Error connecting to the database: pg_connect(): Unable to connect to PostgreSQL server: could not connect to server: Connection refused (0x0000274D/10061)
	Is the server running on host &quot;localhost&quot; (::1) and accepting
	TCP/IP connections on port 5433?
could not connect to server: Connection refused (0x0000274D/10061)
	Is the server running on host &quot;localhost&quot; (127.0.0.1) and accepting
	TCP/IP connections on port 5433?
CRITICAL - 2021-05-20 11:49:30 --> Unable to connect to the database.
#0 C:\xampp\htdocs\psg_oferta\system\Database\BaseConnection.php(618): CodeIgniter\Database\BaseConnection->initialize()
#1 C:\xampp\htdocs\psg_oferta\system\Database\BaseBuilder.php(1866): CodeIgniter\Database\BaseConnection->query('SELECT *\nFROM "...', Array, false)
#2 C:\xampp\htdocs\psg_oferta\system\Model.php(213): CodeIgniter\Database\BaseBuilder->get()
#3 C:\xampp\htdocs\psg_oferta\system\BaseModel.php(583): CodeIgniter\Model->doFindAll(0, 0)
#4 C:\xampp\htdocs\psg_oferta\app\Controllers\OfertasController.php(32): CodeIgniter\BaseModel->findAll()
#5 C:\xampp\htdocs\psg_oferta\system\CodeIgniter.php(936): App\Controllers\OfertasController->crear_publicacion()
#6 C:\xampp\htdocs\psg_oferta\system\CodeIgniter.php(432): CodeIgniter\CodeIgniter->runController(Object(App\Controllers\OfertasController))
#7 C:\xampp\htdocs\psg_oferta\system\CodeIgniter.php(333): CodeIgniter\CodeIgniter->handleRequest(NULL, Object(Config\Cache), false)
#8 C:\xampp\htdocs\psg_oferta\public\index.php(44): CodeIgniter\CodeIgniter->run()
#9 {main}
ERROR - 2021-05-20 12:28:02 --> Error connecting to the database: pg_connect(): Unable to connect to PostgreSQL server: could not connect to server: Connection refused (0x0000274D/10061)
	Is the server running on host &quot;localhost&quot; (::1) and accepting
	TCP/IP connections on port 5433?
could not connect to server: Connection refused (0x0000274D/10061)
	Is the server running on host &quot;localhost&quot; (127.0.0.1) and accepting
	TCP/IP connections on port 5433?
CRITICAL - 2021-05-20 12:28:02 --> Unable to connect to the database.
#0 C:\xampp\htdocs\psg_oferta\system\Database\BaseConnection.php(618): CodeIgniter\Database\BaseConnection->initialize()
#1 C:\xampp\htdocs\psg_oferta\system\Database\BaseBuilder.php(1866): CodeIgniter\Database\BaseConnection->query('SELECT *\nFROM "...', Array, false)
#2 C:\xampp\htdocs\psg_oferta\system\Model.php(213): CodeIgniter\Database\BaseBuilder->get()
#3 C:\xampp\htdocs\psg_oferta\system\BaseModel.php(583): CodeIgniter\Model->doFindAll(0, 0)
#4 C:\xampp\htdocs\psg_oferta\app\Controllers\OfertasController.php(32): CodeIgniter\BaseModel->findAll()
#5 C:\xampp\htdocs\psg_oferta\system\CodeIgniter.php(936): App\Controllers\OfertasController->crear_publicacion()
#6 C:\xampp\htdocs\psg_oferta\system\CodeIgniter.php(432): CodeIgniter\CodeIgniter->runController(Object(App\Controllers\OfertasController))
#7 C:\xampp\htdocs\psg_oferta\system\CodeIgniter.php(333): CodeIgniter\CodeIgniter->handleRequest(NULL, Object(Config\Cache), false)
#8 C:\xampp\htdocs\psg_oferta\public\index.php(44): CodeIgniter\CodeIgniter->run()
#9 {main}
ERROR - 2021-05-20 12:28:13 --> Error connecting to the database: pg_connect(): Unable to connect to PostgreSQL server: could not connect to server: Connection refused (0x0000274D/10061)
	Is the server running on host &quot;localhost&quot; (::1) and accepting
	TCP/IP connections on port 5433?
could not connect to server: Connection refused (0x0000274D/10061)
	Is the server running on host &quot;localhost&quot; (127.0.0.1) and accepting
	TCP/IP connections on port 5433?
CRITICAL - 2021-05-20 12:28:13 --> Unable to connect to the database.
#0 C:\xampp\htdocs\psg_oferta\system\Database\BaseConnection.php(618): CodeIgniter\Database\BaseConnection->initialize()
#1 C:\xampp\htdocs\psg_oferta\system\Database\BaseBuilder.php(1866): CodeIgniter\Database\BaseConnection->query('SELECT *\nFROM "...', Array, false)
#2 C:\xampp\htdocs\psg_oferta\system\Model.php(213): CodeIgniter\Database\BaseBuilder->get()
#3 C:\xampp\htdocs\psg_oferta\system\BaseModel.php(583): CodeIgniter\Model->doFindAll(0, 0)
#4 C:\xampp\htdocs\psg_oferta\app\Controllers\OfertasController.php(32): CodeIgniter\BaseModel->findAll()
#5 C:\xampp\htdocs\psg_oferta\system\CodeIgniter.php(936): App\Controllers\OfertasController->crear_publicacion()
#6 C:\xampp\htdocs\psg_oferta\system\CodeIgniter.php(432): CodeIgniter\CodeIgniter->runController(Object(App\Controllers\OfertasController))
#7 C:\xampp\htdocs\psg_oferta\system\CodeIgniter.php(333): CodeIgniter\CodeIgniter->handleRequest(NULL, Object(Config\Cache), false)
#8 C:\xampp\htdocs\psg_oferta\public\index.php(44): CodeIgniter\CodeIgniter->run()
#9 {main}
ERROR - 2021-05-20 12:28:37 --> Error connecting to the database: pg_connect(): Unable to connect to PostgreSQL server: could not connect to server: Connection refused (0x0000274D/10061)
	Is the server running on host &quot;localhost&quot; (::1) and accepting
	TCP/IP connections on port 5433?
could not connect to server: Connection refused (0x0000274D/10061)
	Is the server running on host &quot;localhost&quot; (127.0.0.1) and accepting
	TCP/IP connections on port 5433?
CRITICAL - 2021-05-20 12:28:37 --> Unable to connect to the database.
#0 C:\xampp\htdocs\psg_oferta\system\Database\BaseConnection.php(618): CodeIgniter\Database\BaseConnection->initialize()
#1 C:\xampp\htdocs\psg_oferta\system\Database\BaseBuilder.php(1866): CodeIgniter\Database\BaseConnection->query('SELECT *\nFROM "...', Array, false)
#2 C:\xampp\htdocs\psg_oferta\system\Model.php(213): CodeIgniter\Database\BaseBuilder->get()
#3 C:\xampp\htdocs\psg_oferta\system\BaseModel.php(583): CodeIgniter\Model->doFindAll(0, 0)
#4 C:\xampp\htdocs\psg_oferta\app\Controllers\OfertasController.php(32): CodeIgniter\BaseModel->findAll()
#5 C:\xampp\htdocs\psg_oferta\system\CodeIgniter.php(936): App\Controllers\OfertasController->crear_publicacion()
#6 C:\xampp\htdocs\psg_oferta\system\CodeIgniter.php(432): CodeIgniter\CodeIgniter->runController(Object(App\Controllers\OfertasController))
#7 C:\xampp\htdocs\psg_oferta\system\CodeIgniter.php(333): CodeIgniter\CodeIgniter->handleRequest(NULL, Object(Config\Cache), false)
#8 C:\xampp\htdocs\psg_oferta\public\index.php(44): CodeIgniter\CodeIgniter->run()
#9 {main}
ERROR - 2021-05-20 12:28:39 --> Error connecting to the database: pg_connect(): Unable to connect to PostgreSQL server: could not connect to server: Connection refused (0x0000274D/10061)
	Is the server running on host &quot;localhost&quot; (::1) and accepting
	TCP/IP connections on port 5433?
could not connect to server: Connection refused (0x0000274D/10061)
	Is the server running on host &quot;localhost&quot; (127.0.0.1) and accepting
	TCP/IP connections on port 5433?
CRITICAL - 2021-05-20 12:28:39 --> Unable to connect to the database.
#0 C:\xampp\htdocs\psg_oferta\system\Database\BaseConnection.php(618): CodeIgniter\Database\BaseConnection->initialize()
#1 C:\xampp\htdocs\psg_oferta\system\Database\BaseBuilder.php(2263): CodeIgniter\Database\BaseConnection->query('INSERT INTO "ps...', Array, false)
#2 C:\xampp\htdocs\psg_oferta\system\Model.php(278): CodeIgniter\Database\BaseBuilder->insert()
#3 C:\xampp\htdocs\psg_oferta\system\BaseModel.php(758): CodeIgniter\Model->doInsert(Array)
#4 C:\xampp\htdocs\psg_oferta\system\Model.php(705): CodeIgniter\BaseModel->insert(Array, true)
#5 C:\xampp\htdocs\psg_oferta\app\Controllers\OfertasController.php(66): CodeIgniter\Model->insert(Array)
#6 C:\xampp\htdocs\psg_oferta\system\CodeIgniter.php(936): App\Controllers\OfertasController->guardar_publicacion()
#7 C:\xampp\htdocs\psg_oferta\system\CodeIgniter.php(432): CodeIgniter\CodeIgniter->runController(Object(App\Controllers\OfertasController))
#8 C:\xampp\htdocs\psg_oferta\system\CodeIgniter.php(333): CodeIgniter\CodeIgniter->handleRequest(NULL, Object(Config\Cache), false)
#9 C:\xampp\htdocs\psg_oferta\public\index.php(44): CodeIgniter\CodeIgniter->run()
#10 {main}
ERROR - 2021-05-20 12:28:42 --> Error connecting to the database: pg_connect(): Unable to connect to PostgreSQL server: could not connect to server: Connection refused (0x0000274D/10061)
	Is the server running on host &quot;localhost&quot; (::1) and accepting
	TCP/IP connections on port 5433?
could not connect to server: Connection refused (0x0000274D/10061)
	Is the server running on host &quot;localhost&quot; (127.0.0.1) and accepting
	TCP/IP connections on port 5433?
CRITICAL - 2021-05-20 12:28:42 --> Unable to connect to the database.
#0 C:\xampp\htdocs\psg_oferta\system\Database\BaseConnection.php(618): CodeIgniter\Database\BaseConnection->initialize()
#1 C:\xampp\htdocs\psg_oferta\system\Database\BaseBuilder.php(1866): CodeIgniter\Database\BaseConnection->query('SELECT *\nFROM "...', Array, false)
#2 C:\xampp\htdocs\psg_oferta\system\Model.php(213): CodeIgniter\Database\BaseBuilder->get()
#3 C:\xampp\htdocs\psg_oferta\system\BaseModel.php(583): CodeIgniter\Model->doFindAll(0, 0)
#4 C:\xampp\htdocs\psg_oferta\app\Controllers\OfertasController.php(32): CodeIgniter\BaseModel->findAll()
#5 C:\xampp\htdocs\psg_oferta\system\CodeIgniter.php(936): App\Controllers\OfertasController->crear_publicacion()
#6 C:\xampp\htdocs\psg_oferta\system\CodeIgniter.php(432): CodeIgniter\CodeIgniter->runController(Object(App\Controllers\OfertasController))
#7 C:\xampp\htdocs\psg_oferta\system\CodeIgniter.php(333): CodeIgniter\CodeIgniter->handleRequest(NULL, Object(Config\Cache), false)
#8 C:\xampp\htdocs\psg_oferta\public\index.php(44): CodeIgniter\CodeIgniter->run()
#9 {main}
